<!DOCTYPE html>
<html>
  <head>
    <meta charset="utf-8"/>
    <title>Test Report</title>
    <link href="assets/style.css" rel="stylesheet" type="text/css"/></head>
  <body onLoad="init()">
    <script>/* This Source Code Form is subject to the terms of the Mozilla Public
 * License, v. 2.0. If a copy of the MPL was not distributed with this file,
 * You can obtain one at http://mozilla.org/MPL/2.0/. */


function toArray(iter) {
    if (iter === null) {
        return null;
    }
    return Array.prototype.slice.call(iter);
}

function find(selector, elem) { // eslint-disable-line no-redeclare
    if (!elem) {
        elem = document;
    }
    return elem.querySelector(selector);
}

function findAll(selector, elem) {
    if (!elem) {
        elem = document;
    }
    return toArray(elem.querySelectorAll(selector));
}

function sortColumn(elem) {
    toggleSortStates(elem);
    const colIndex = toArray(elem.parentNode.childNodes).indexOf(elem);
    let key;
    if (elem.classList.contains('result')) {
        key = keyResult;
    } else if (elem.classList.contains('links')) {
        key = keyLink;
    } else {
        key = keyAlpha;
    }
    sortTable(elem, key(colIndex));
}

function showAllExtras() { // eslint-disable-line no-unused-vars
    findAll('.col-result').forEach(showExtras);
}

function hideAllExtras() { // eslint-disable-line no-unused-vars
    findAll('.col-result').forEach(hideExtras);
}

function showExtras(colresultElem) {
    const extras = colresultElem.parentNode.nextElementSibling;
    const expandcollapse = colresultElem.firstElementChild;
    extras.classList.remove('collapsed');
    expandcollapse.classList.remove('expander');
    expandcollapse.classList.add('collapser');
}

function hideExtras(colresultElem) {
    const extras = colresultElem.parentNode.nextElementSibling;
    const expandcollapse = colresultElem.firstElementChild;
    extras.classList.add('collapsed');
    expandcollapse.classList.remove('collapser');
    expandcollapse.classList.add('expander');
}

function showFilters() {
    const filterItems = document.getElementsByClassName('filter');
    for (let i = 0; i < filterItems.length; i++)
        filterItems[i].hidden = false;
}

function addCollapse() {
    // Add links for show/hide all
    const resulttable = find('table#results-table');
    const showhideall = document.createElement('p');
    showhideall.innerHTML = '<a href="javascript:showAllExtras()">Show all details</a> / ' +
                            '<a href="javascript:hideAllExtras()">Hide all details</a>';
    resulttable.parentElement.insertBefore(showhideall, resulttable);

    // Add show/hide link to each result
    findAll('.col-result').forEach(function(elem) {
        const collapsed = getQueryParameter('collapsed') || 'Passed';
        const extras = elem.parentNode.nextElementSibling;
        const expandcollapse = document.createElement('span');
        if (extras.classList.contains('collapsed')) {
            expandcollapse.classList.add('expander');
        } else if (collapsed.includes(elem.innerHTML)) {
            extras.classList.add('collapsed');
            expandcollapse.classList.add('expander');
        } else {
            expandcollapse.classList.add('collapser');
        }
        elem.appendChild(expandcollapse);

        elem.addEventListener('click', function(event) {
            if (event.currentTarget.parentNode.nextElementSibling.classList.contains('collapsed')) {
                showExtras(event.currentTarget);
            } else {
                hideExtras(event.currentTarget);
            }
        });
    });
}

function getQueryParameter(name) {
    const match = RegExp('[?&]' + name + '=([^&]*)').exec(window.location.search);
    return match && decodeURIComponent(match[1].replace(/\+/g, ' '));
}

function init () { // eslint-disable-line no-unused-vars
    resetSortHeaders();

    addCollapse();

    showFilters();

    sortColumn(find('.initial-sort'));

    findAll('.sortable').forEach(function(elem) {
        elem.addEventListener('click',
            function() {
                sortColumn(elem);
            }, false);
    });
}

function sortTable(clicked, keyFunc) {
    const rows = findAll('.results-table-row');
    const reversed = !clicked.classList.contains('asc');
    const sortedRows = sort(rows, keyFunc, reversed);
    /* Whole table is removed here because browsers acts much slower
     * when appending existing elements.
     */
    const thead = document.getElementById('results-table-head');
    document.getElementById('results-table').remove();
    const parent = document.createElement('table');
    parent.id = 'results-table';
    parent.appendChild(thead);
    sortedRows.forEach(function(elem) {
        parent.appendChild(elem);
    });
    document.getElementsByTagName('BODY')[0].appendChild(parent);
}

function sort(items, keyFunc, reversed) {
    const sortArray = items.map(function(item, i) {
        return [keyFunc(item), i];
    });

    sortArray.sort(function(a, b) {
        const keyA = a[0];
        const keyB = b[0];

        if (keyA == keyB) return 0;

        if (reversed) {
            return keyA < keyB ? 1 : -1;
        } else {
            return keyA > keyB ? 1 : -1;
        }
    });

    return sortArray.map(function(item) {
        const index = item[1];
        return items[index];
    });
}

function keyAlpha(colIndex) {
    return function(elem) {
        return elem.childNodes[1].childNodes[colIndex].firstChild.data.toLowerCase();
    };
}

function keyLink(colIndex) {
    return function(elem) {
        const dataCell = elem.childNodes[1].childNodes[colIndex].firstChild;
        return dataCell == null ? '' : dataCell.innerText.toLowerCase();
    };
}

function keyResult(colIndex) {
    return function(elem) {
        const strings = ['Error', 'Failed', 'Rerun', 'XFailed', 'XPassed',
            'Skipped', 'Passed'];
        return strings.indexOf(elem.childNodes[1].childNodes[colIndex].firstChild.data);
    };
}

function resetSortHeaders() {
    findAll('.sort-icon').forEach(function(elem) {
        elem.parentNode.removeChild(elem);
    });
    findAll('.sortable').forEach(function(elem) {
        const icon = document.createElement('div');
        icon.className = 'sort-icon';
        icon.textContent = 'vvv';
        elem.insertBefore(icon, elem.firstChild);
        elem.classList.remove('desc', 'active');
        elem.classList.add('asc', 'inactive');
    });
}

function toggleSortStates(elem) {
    //if active, toggle between asc and desc
    if (elem.classList.contains('active')) {
        elem.classList.toggle('asc');
        elem.classList.toggle('desc');
    }

    //if inactive, reset all other functions and add ascending active
    if (elem.classList.contains('inactive')) {
        resetSortHeaders();
        elem.classList.remove('inactive');
        elem.classList.add('active');
    }
}

function isAllRowsHidden(value) {
    return value.hidden == false;
}

function filterTable(elem) { // eslint-disable-line no-unused-vars
    const outcomeAtt = 'data-test-result';
    const outcome = elem.getAttribute(outcomeAtt);
    const classOutcome = outcome + ' results-table-row';
    const outcomeRows = document.getElementsByClassName(classOutcome);

    for(let i = 0; i < outcomeRows.length; i++){
        outcomeRows[i].hidden = !elem.checked;
    }

    const rows = findAll('.results-table-row').filter(isAllRowsHidden);
    const allRowsHidden = rows.length == 0 ? true : false;
    const notFoundMessage = document.getElementById('not-found-message');
    notFoundMessage.hidden = !allRowsHidden;
}
</script>
    <h1>report.html</h1>
    <p>Report generated on 18-Sep-2021 at 15:57:36 by <a href="https://pypi.python.org/pypi/pytest-html">pytest-html</a> v3.1.1</p>
    <h2>Environment</h2>
    <table id="environment">
      <tr>
        <td>Packages</td>
        <td>{"pluggy": "0.13.1", "py": "1.10.0", "pytest": "6.2.4"}</td></tr>
      <tr>
        <td>Platform</td>
        <td>Windows-10-10.0.19042-SP0</td></tr>
      <tr>
        <td>Plugins</td>
        <td>{"forked": "1.3.0", "html": "3.1.1", "metadata": "1.11.0", "xdist": "2.3.0"}</td></tr>
      <tr>
        <td>Python</td>
        <td>3.9.7</td></tr></table>
    <h2>Summary</h2>
    <p>167 tests ran in 1924.21 seconds. </p>
    <p class="filter" hidden="true">(Un)check the boxes to filter the results.</p><input checked="true" class="filter" data-test-result="passed" hidden="true" name="filter_checkbox" onChange="filterTable(this)" type="checkbox"/><span class="passed">142 passed</span>, <input checked="true" class="filter" data-test-result="skipped" disabled="true" hidden="true" name="filter_checkbox" onChange="filterTable(this)" type="checkbox"/><span class="skipped">0 skipped</span>, <input checked="true" class="filter" data-test-result="failed" hidden="true" name="filter_checkbox" onChange="filterTable(this)" type="checkbox"/><span class="failed">25 failed</span>, <input checked="true" class="filter" data-test-result="error" hidden="true" name="filter_checkbox" onChange="filterTable(this)" type="checkbox"/><span class="error">1 errors</span>, <input checked="true" class="filter" data-test-result="xfailed" disabled="true" hidden="true" name="filter_checkbox" onChange="filterTable(this)" type="checkbox"/><span class="xfailed">0 expected failures</span>, <input checked="true" class="filter" data-test-result="xpassed" disabled="true" hidden="true" name="filter_checkbox" onChange="filterTable(this)" type="checkbox"/><span class="xpassed">0 unexpected passes</span>
    <h2>Results</h2>
    <table id="results-table">
      <thead id="results-table-head">
        <tr>
          <th class="sortable result initial-sort" col="result">Result</th>
          <th class="sortable" col="name">Test</th>
          <th class="sortable" col="duration">Duration</th>
          <th class="sortable links" col="links">Links</th></tr>
        <tr hidden="true" id="not-found-message">
          <th colspan="4">No results found. Try to check the filters</th></tr></thead>
      <tbody class="error results-table-row">
        <tr>
          <td class="col-result">Error</td>
          <td class="col-name">Tests/test_WebhooksAndActionsPage.py::Test_WebhooksAndActionsPage::test_verify_discard_confirmation_message[chrome]::setup</td>
          <td class="col-duration">0.01</td>
          <td class="col-links"></td></tr>
        <tr>
          <td class="extra" colspan="4">
            <div class="log">@pytest.fixture(autouse=True)<br/>    def hard_refresh():<br/>&gt;       web_driver.execute_script(&quot;location.reload(true);&quot;)<br/><br/>Tests\conftest.py:61: <br/>_ _ _ _ _ _ _ _ _ _ _ _ _ _ _ _ _ _ _ _ _ _ _ _ _ _ _ _ _ _ _ _ _ _ _ _ _ _ _ _ <br/>..\..\..\AppData\Local\Packages\PythonSoftwareFoundation.Python.3.9_qbz5n2kfra8p0\LocalCache\local-packages\Python39\site-packages\selenium\webdriver\remote\webdriver.py:634: in execute_script<br/>    return self.execute(command, {<br/>..\..\..\AppData\Local\Packages\PythonSoftwareFoundation.Python.3.9_qbz5n2kfra8p0\LocalCache\local-packages\Python39\site-packages\selenium\webdriver\remote\webdriver.py:321: in execute<br/>    self.error_handler.check_response(response)<br/>_ _ _ _ _ _ _ _ _ _ _ _ _ _ _ _ _ _ _ _ _ _ _ _ _ _ _ _ _ _ _ _ _ _ _ _ _ _ _ _ <br/><br/>self = &lt;selenium.webdriver.remote.errorhandler.ErrorHandler object at 0x00000179355647F0&gt;<br/>response = {&#x27;status&#x27;: 500, &#x27;value&#x27;: &#x27;{&quot;value&quot;:{&quot;data&quot;:{&quot;text&quot;:&quot;Webhook Name Exists&quot;},&quot;error&quot;:&quot;unexpected alert open&quot;,&quot;message&quot;:&quot;u...\n\\tRtlGetAppContainerNamedObjectPath [0x77C97A7E+286]\\n\\tRtlGetAppContainerNamedObjectPath [0x77C97A4E+238]\\n&quot;}}&#x27;}<br/><br/>    def check_response(self, response):<br/>        &quot;&quot;&quot;<br/>        Checks that a JSON response from the WebDriver does not have an error.<br/>    <br/>        :Args:<br/>         - response - The JSON response from the WebDriver server as a dictionary<br/>           object.<br/>    <br/>        :Raises: If the response contains an error message.<br/>        &quot;&quot;&quot;<br/>        status = response.get(&#x27;status&#x27;, None)<br/>        if status is None or status == ErrorCode.SUCCESS:<br/>            return<br/>        value = None<br/>        message = response.get(&quot;message&quot;, &quot;&quot;)<br/>        screen = response.get(&quot;screen&quot;, &quot;&quot;)<br/>        stacktrace = None<br/>        if isinstance(status, int):<br/>            value_json = response.get(&#x27;value&#x27;, None)<br/>            if value_json and isinstance(value_json, basestring):<br/>                import json<br/>                try:<br/>                    value = json.loads(value_json)<br/>                    if len(value.keys()) == 1:<br/>                        value = value[&#x27;value&#x27;]<br/>                    status = value.get(&#x27;error&#x27;, None)<br/>                    if status is None:<br/>                        status = value[&quot;status&quot;]<br/>                        message = value[&quot;value&quot;]<br/>                        if not isinstance(message, basestring):<br/>                            value = message<br/>                            message = message.get(&#x27;message&#x27;)<br/>                    else:<br/>                        message = value.get(&#x27;message&#x27;, None)<br/>                except ValueError:<br/>                    pass<br/>    <br/>        exception_class = ErrorInResponseException<br/>        if status in ErrorCode.NO_SUCH_ELEMENT:<br/>            exception_class = NoSuchElementException<br/>        elif status in ErrorCode.NO_SUCH_FRAME:<br/>            exception_class = NoSuchFrameException<br/>        elif status in ErrorCode.NO_SUCH_WINDOW:<br/>            exception_class = NoSuchWindowException<br/>        elif status in ErrorCode.STALE_ELEMENT_REFERENCE:<br/>            exception_class = StaleElementReferenceException<br/>        elif status in ErrorCode.ELEMENT_NOT_VISIBLE:<br/>            exception_class = ElementNotVisibleException<br/>        elif status in ErrorCode.INVALID_ELEMENT_STATE:<br/>            exception_class = InvalidElementStateException<br/>        elif status in ErrorCode.INVALID_SELECTOR \<br/>                or status in ErrorCode.INVALID_XPATH_SELECTOR \<br/>                or status in ErrorCode.INVALID_XPATH_SELECTOR_RETURN_TYPER:<br/>            exception_class = InvalidSelectorException<br/>        elif status in ErrorCode.ELEMENT_IS_NOT_SELECTABLE:<br/>            exception_class = ElementNotSelectableException<br/>        elif status in ErrorCode.ELEMENT_NOT_INTERACTABLE:<br/>            exception_class = ElementNotInteractableException<br/>        elif status in ErrorCode.INVALID_COOKIE_DOMAIN:<br/>            exception_class = InvalidCookieDomainException<br/>        elif status in ErrorCode.UNABLE_TO_SET_COOKIE:<br/>            exception_class = UnableToSetCookieException<br/>        elif status in ErrorCode.TIMEOUT:<br/>            exception_class = TimeoutException<br/>        elif status in ErrorCode.SCRIPT_TIMEOUT:<br/>            exception_class = TimeoutException<br/>        elif status in ErrorCode.UNKNOWN_ERROR:<br/>            exception_class = WebDriverException<br/>        elif status in ErrorCode.UNEXPECTED_ALERT_OPEN:<br/>            exception_class = UnexpectedAlertPresentException<br/>        elif status in ErrorCode.NO_ALERT_OPEN:<br/>            exception_class = NoAlertPresentException<br/>        elif status in ErrorCode.IME_NOT_AVAILABLE:<br/>            exception_class = ImeNotAvailableException<br/>        elif status in ErrorCode.IME_ENGINE_ACTIVATION_FAILED:<br/>            exception_class = ImeActivationFailedException<br/>        elif status in ErrorCode.MOVE_TARGET_OUT_OF_BOUNDS:<br/>            exception_class = MoveTargetOutOfBoundsException<br/>        elif status in ErrorCode.JAVASCRIPT_ERROR:<br/>            exception_class = JavascriptException<br/>        elif status in ErrorCode.SESSION_NOT_CREATED:<br/>            exception_class = SessionNotCreatedException<br/>        elif status in ErrorCode.INVALID_ARGUMENT:<br/>            exception_class = InvalidArgumentException<br/>        elif status in ErrorCode.NO_SUCH_COOKIE:<br/>            exception_class = NoSuchCookieException<br/>        elif status in ErrorCode.UNABLE_TO_CAPTURE_SCREEN:<br/>            exception_class = ScreenshotException<br/>        elif status in ErrorCode.ELEMENT_CLICK_INTERCEPTED:<br/>            exception_class = ElementClickInterceptedException<br/>        elif status in ErrorCode.INSECURE_CERTIFICATE:<br/>            exception_class = InsecureCertificateException<br/>        elif status in ErrorCode.INVALID_COORDINATES:<br/>            exception_class = InvalidCoordinatesException<br/>        elif status in ErrorCode.INVALID_SESSION_ID:<br/>            exception_class = InvalidSessionIdException<br/>        elif status in ErrorCode.UNKNOWN_METHOD:<br/>            exception_class = UnknownMethodException<br/>        else:<br/>            exception_class = WebDriverException<br/>        if value == &#x27;&#x27; or value is None:<br/>            value = response[&#x27;value&#x27;]<br/>        if isinstance(value, basestring):<br/>            if exception_class == ErrorInResponseException:<br/>                raise exception_class(response, value)<br/>            raise exception_class(value)<br/>        if message == &quot;&quot; and &#x27;message&#x27; in value:<br/>            message = value[&#x27;message&#x27;]<br/>    <br/>        screen = None<br/>        if &#x27;screen&#x27; in value:<br/>            screen = value[&#x27;screen&#x27;]<br/>    <br/>        stacktrace = None<br/>        if &#x27;stackTrace&#x27; in value and value[&#x27;stackTrace&#x27;]:<br/>            stacktrace = []<br/>            try:<br/>                for frame in value[&#x27;stackTrace&#x27;]:<br/>                    line = self._value_or_default(frame, &#x27;lineNumber&#x27;, &#x27;&#x27;)<br/>                    file = self._value_or_default(frame, &#x27;fileName&#x27;, &#x27;&lt;anonymous&gt;&#x27;)<br/>                    if line:<br/>                        file = &quot;%s:%s&quot; % (file, line)<br/>                    meth = self._value_or_default(frame, &#x27;methodName&#x27;, &#x27;&lt;anonymous&gt;&#x27;)<br/>                    if &#x27;className&#x27; in frame:<br/>                        meth = &quot;%s.%s&quot; % (frame[&#x27;className&#x27;], meth)<br/>                    msg = &quot;    at %s (%s)&quot;<br/>                    msg = msg % (meth, file)<br/>                    stacktrace.append(msg)<br/>            except TypeError:<br/>                pass<br/>        if exception_class == ErrorInResponseException:<br/>            raise exception_class(response, message)<br/>        elif exception_class == UnexpectedAlertPresentException:<br/>            alert_text = None<br/>            if &#x27;data&#x27; in value:<br/>                alert_text = value[&#x27;data&#x27;].get(&#x27;text&#x27;)<br/>            elif &#x27;alert&#x27; in value:<br/>                alert_text = value[&#x27;alert&#x27;].get(&#x27;text&#x27;)<br/>&gt;           raise exception_class(message, screen, stacktrace, alert_text)<br/><span class="error">E           selenium.common.exceptions.UnexpectedAlertPresentException: Alert Text: Webhook Name Exists</span><br/><span class="error">E           Message: unexpected alert open: {Alert text : Webhook Name Exists}</span><br/><span class="error">E             (Session info: chrome=93.0.4577.82)</span><br/><br/>..\..\..\AppData\Local\Packages\PythonSoftwareFoundation.Python.3.9_qbz5n2kfra8p0\LocalCache\local-packages\Python39\site-packages\selenium\webdriver\remote\errorhandler.py:241: UnexpectedAlertPresentException<br/></div></td></tr></tbody>
      <tbody class="failed results-table-row">
        <tr>
          <td class="col-result">Failed</td>
          <td class="col-name">Tests/test_BotSettingsPage.py::Test_BotSettingsPage::test_communications[chrome]</td>
          <td class="col-duration">9.57</td>
          <td class="col-links"></td></tr>
        <tr>
          <td class="extra" colspan="4">
            <div class="log">self = &lt;Tests.test_BotSettingsPage.Test_BotSettingsPage object at 0x000001793545E8B0&gt;<br/><br/>    def test_communications(self):<br/>        self.loginPage = LoginPage(self.driver)<br/>        self.homePage = self.loginPage.do_login(TestDataFromExcel.USERNAME, TestDataFromExcel.readPassword(self))<br/>        self.botSettingsPage = self.homePage.click_bot_settings_link()<br/>&gt;       self.botSettingsPage.add_communications()<br/><span class="error">E       AttributeError: &#x27;BotSettingsPage&#x27; object has no attribute &#x27;add_communications&#x27;</span><br/><br/>Tests\test_BotSettingsPage.py:117: AttributeError<br/></div></td></tr></tbody>
      <tbody class="failed results-table-row">
        <tr>
          <td class="col-result">Failed</td>
          <td class="col-name">Tests/test_ChangePasswordPage.py::Test_ChangePasswordPage::test_changePassword_functionality[chrome]</td>
          <td class="col-duration">7.66</td>
          <td class="col-links"></td></tr>
        <tr>
          <td class="extra" colspan="4">
            <div class="log">self = &lt;Tests.test_ChangePasswordPage.Test_ChangePasswordPage object at 0x00000179354132E0&gt;<br/><br/>    def test_changePassword_functionality(self):<br/>        self.loginPage = LoginPage(self.driver)<br/>        self.homePage = self.loginPage.do_login(TestDataFromExcel.USERNAME, TestDataFromExcel.readPassword(self))<br/>        self.editProfilePage = self.homePage.click_editProfile_LeftMenu()<br/>        self.changePasswordPage = self.editProfilePage.click_changePwdBtn()<br/>        self.changePasswordPage.send_in_oldPwd(TestDataFromExcel.readPassword(self))<br/>        self.changePasswordPage.send_in_newPwd(TestDataFromExcel.NEW_PASSWORD)<br/>        self.changePasswordPage.send_in_confrmPwd(TestDataFromExcel.NEW_PASSWORD)<br/>&gt;       TestDataFromExcel.write_in_excel(&#x27;LoginPage&#x27;, 2, 2, TestDataFromExcel.NEW_PASSWORD)<br/><br/>Tests\test_ChangePasswordPage.py:24: <br/>_ _ _ _ _ _ _ _ _ _ _ _ _ _ _ _ _ _ _ _ _ _ _ _ _ _ _ _ _ _ _ _ _ _ _ _ _ _ _ _ <br/>TestData\ExcelLogic.py:54: in write_in_excel<br/>    wb.save(workbookPath)<br/>..\..\..\AppData\Local\Packages\PythonSoftwareFoundation.Python.3.9_qbz5n2kfra8p0\LocalCache\local-packages\Python39\site-packages\openpyxl\workbook\workbook.py:407: in save<br/>    save_workbook(self, filename)<br/>..\..\..\AppData\Local\Packages\PythonSoftwareFoundation.Python.3.9_qbz5n2kfra8p0\LocalCache\local-packages\Python39\site-packages\openpyxl\writer\excel.py:291: in save_workbook<br/>    archive = ZipFile(filename, &#x27;w&#x27;, ZIP_DEFLATED, allowZip64=True)<br/>_ _ _ _ _ _ _ _ _ _ _ _ _ _ _ _ _ _ _ _ _ _ _ _ _ _ _ _ _ _ _ _ _ _ _ _ _ _ _ _ <br/><br/>self = &lt;zipfile.ZipFile [closed]&gt;, file = &#x27;C:\\Users\\STELCO\\Desktop\\Automation\\YugasaLabs\\TestData\\TestData.xlsx&#x27;<br/>mode = &#x27;w&#x27;, compression = 8, allowZip64 = True, compresslevel = None<br/><br/>    def __init__(self, file, mode=&quot;r&quot;, compression=ZIP_STORED, allowZip64=True,<br/>                 compresslevel=None, *, strict_timestamps=True):<br/>        &quot;&quot;&quot;Open the ZIP file with mode read &#x27;r&#x27;, write &#x27;w&#x27;, exclusive create &#x27;x&#x27;,<br/>        or append &#x27;a&#x27;.&quot;&quot;&quot;<br/>        if mode not in (&#x27;r&#x27;, &#x27;w&#x27;, &#x27;x&#x27;, &#x27;a&#x27;):<br/>            raise ValueError(&quot;ZipFile requires mode &#x27;r&#x27;, &#x27;w&#x27;, &#x27;x&#x27;, or &#x27;a&#x27;&quot;)<br/>    <br/>        _check_compression(compression)<br/>    <br/>        self._allowZip64 = allowZip64<br/>        self._didModify = False<br/>        self.debug = 0  # Level of printing: 0 through 3<br/>        self.NameToInfo = {}    # Find file info given name<br/>        self.filelist = []      # List of ZipInfo instances for archive<br/>        self.compression = compression  # Method of compression<br/>        self.compresslevel = compresslevel<br/>        self.mode = mode<br/>        self.pwd = None<br/>        self._comment = b&#x27;&#x27;<br/>        self._strict_timestamps = strict_timestamps<br/>    <br/>        # Check if we were passed a file-like object<br/>        if isinstance(file, os.PathLike):<br/>            file = os.fspath(file)<br/>        if isinstance(file, str):<br/>            # No, it&#x27;s a filename<br/>            self._filePassed = 0<br/>            self.filename = file<br/>            modeDict = {&#x27;r&#x27; : &#x27;rb&#x27;, &#x27;w&#x27;: &#x27;w+b&#x27;, &#x27;x&#x27;: &#x27;x+b&#x27;, &#x27;a&#x27; : &#x27;r+b&#x27;,<br/>                        &#x27;r+b&#x27;: &#x27;w+b&#x27;, &#x27;w+b&#x27;: &#x27;wb&#x27;, &#x27;x+b&#x27;: &#x27;xb&#x27;}<br/>            filemode = modeDict[mode]<br/>            while True:<br/>                try:<br/>&gt;                   self.fp = io.open(file, filemode)<br/><span class="error">E                   PermissionError: [Errno 13] Permission denied: &#x27;C:\\Users\\STELCO\\Desktop\\Automation\\YugasaLabs\\TestData\\TestData.xlsx&#x27;</span><br/><br/>C:\Program Files\WindowsApps\PythonSoftwareFoundation.Python.3.9_3.9.2032.0_x64__qbz5n2kfra8p0\lib\zipfile.py:1239: PermissionError<br/></div></td></tr></tbody>
      <tbody class="failed results-table-row">
        <tr>
          <td class="col-result">Failed</td>
          <td class="col-name">Tests/test_CommunicationPage.py::Test_CommunicationPage::test_Calendar[chrome]</td>
          <td class="col-duration">9.98</td>
          <td class="col-links"></td></tr>
        <tr>
          <td class="extra" colspan="4">
            <div class="log">self = &lt;Tests.test_CommunicationPage.Test_CommunicationPage object at 0x000001793552EB80&gt;<br/><br/>    def test_Calendar(self):<br/>        self.loginPage = LoginPage(self.driver)<br/>        self.homePage = self.loginPage.do_login(TestDataFromExcel.USERNAME, TestDataFromExcel.readPassword(self))<br/>        self.communicationPage = self.homePage.click_communication_link()<br/>&gt;       assert self.communicationPage.date_picker_functionality(&#x27;24 Jul 2020&#x27;, &#x27;28 Aug 2020&#x27;) == True<br/><span class="error">E       AssertionError: assert False == True</span><br/><span class="error">E        +  where False = &lt;bound method CommunicationPage.date_picker_functionality of &lt;Pages.CommunicationPage.CommunicationPage object at 0x0000017935539880&gt;&gt;(&#x27;24 Jul 2020&#x27;, &#x27;28 Aug 2020&#x27;)</span><br/><span class="error">E        +    where &lt;bound method CommunicationPage.date_picker_functionality of &lt;Pages.CommunicationPage.CommunicationPage object at 0x0000017935539880&gt;&gt; = &lt;Pages.CommunicationPage.CommunicationPage object at 0x0000017935539880&gt;.date_picker_functionality</span><br/><span class="error">E        +      where &lt;Pages.CommunicationPage.CommunicationPage object at 0x0000017935539880&gt; = &lt;Tests.test_CommunicationPage.Test_CommunicationPage object at 0x000001793552EB80&gt;.communicationPage</span><br/><br/>Tests\test_CommunicationPage.py:89: AssertionError<br/></div></td></tr></tbody>
      <tbody class="failed results-table-row">
        <tr>
          <td class="col-result">Failed</td>
          <td class="col-name">Tests/test_CommunicationPage.py::Test_CommunicationPage::test_status_dropdown_values_correct[chrome]</td>
          <td class="col-duration">7.47</td>
          <td class="col-links"></td></tr>
        <tr>
          <td class="extra" colspan="4">
            <div class="log">self = &lt;Tests.test_CommunicationPage.Test_CommunicationPage object at 0x0000017934D30BE0&gt;<br/><br/>    def test_status_dropdown_values_correct(self):<br/>        self.loginPage = LoginPage(self.driver)<br/>        self.homePage = self.loginPage.do_login(TestDataFromExcel.USERNAME, TestDataFromExcel.readPassword(self))<br/>        self.communicationPage = self.homePage.click_communication_link()<br/>&gt;       assert self.communicationPage.check_status_dropdown_values() == TestData.STATUS_DROPDOWN_VALUES<br/><span class="error">E       AssertionError: assert [&#x27;Bot Communi...ssiness Lost&#x27;] == [&#x27;Bot Communi...usiness Lost&#x27;]</span><br/><span class="error">E         At index 4 diff: &#x27;Bussiness Closed&#x27; != &#x27;Business Closed&#x27;</span><br/><span class="error">E         Use -v to get the full diff</span><br/><br/>Tests\test_CommunicationPage.py:101: AssertionError<br/></div></td></tr></tbody>
      <tbody class="failed results-table-row">
        <tr>
          <td class="col-result">Failed</td>
          <td class="col-name">Tests/test_CreateIntentPage.py::Test_CreateIntentPage::test_text_response_accepts_allChar[chrome]</td>
          <td class="col-duration">7.00</td>
          <td class="col-links"></td></tr>
        <tr>
          <td class="extra" colspan="4">
            <div class="log">self = &lt;Tests.test_CreateIntentPage.Test_CreateIntentPage object at 0x0000017935533C40&gt;<br/><br/>    def test_text_response_accepts_allChar(self):<br/>        self.loginPage = LoginPage(self.driver)<br/>        self.homePage = self.loginPage.do_login(TestDataFromExcel.USERNAME, TestDataFromExcel.readPassword(self))<br/>        self.createIntentPage = self.homePage.click_intent_link()<br/>        intentName = TestDataFromExcel.readIntentVariable(self)<br/>        newIntentName = intentName.split(&quot;_&quot;)[0] + &quot;_&quot; + str(int(intentName.split(&quot;_&quot;)[1]) + 1)<br/>&gt;       TestDataFromExcel.write_in_excel(&#x27;CreateIntent&#x27;, 5, 1, newIntentName)<br/><br/>Tests\test_CreateIntentPage.py:55: <br/>_ _ _ _ _ _ _ _ _ _ _ _ _ _ _ _ _ _ _ _ _ _ _ _ _ _ _ _ _ _ _ _ _ _ _ _ _ _ _ _ <br/>TestData\ExcelLogic.py:54: in write_in_excel<br/>    wb.save(workbookPath)<br/>..\..\..\AppData\Local\Packages\PythonSoftwareFoundation.Python.3.9_qbz5n2kfra8p0\LocalCache\local-packages\Python39\site-packages\openpyxl\workbook\workbook.py:407: in save<br/>    save_workbook(self, filename)<br/>..\..\..\AppData\Local\Packages\PythonSoftwareFoundation.Python.3.9_qbz5n2kfra8p0\LocalCache\local-packages\Python39\site-packages\openpyxl\writer\excel.py:291: in save_workbook<br/>    archive = ZipFile(filename, &#x27;w&#x27;, ZIP_DEFLATED, allowZip64=True)<br/>_ _ _ _ _ _ _ _ _ _ _ _ _ _ _ _ _ _ _ _ _ _ _ _ _ _ _ _ _ _ _ _ _ _ _ _ _ _ _ _ <br/><br/>self = &lt;zipfile.ZipFile [closed]&gt;, file = &#x27;C:\\Users\\STELCO\\Desktop\\Automation\\YugasaLabs\\TestData\\TestData.xlsx&#x27;<br/>mode = &#x27;w&#x27;, compression = 8, allowZip64 = True, compresslevel = None<br/><br/>    def __init__(self, file, mode=&quot;r&quot;, compression=ZIP_STORED, allowZip64=True,<br/>                 compresslevel=None, *, strict_timestamps=True):<br/>        &quot;&quot;&quot;Open the ZIP file with mode read &#x27;r&#x27;, write &#x27;w&#x27;, exclusive create &#x27;x&#x27;,<br/>        or append &#x27;a&#x27;.&quot;&quot;&quot;<br/>        if mode not in (&#x27;r&#x27;, &#x27;w&#x27;, &#x27;x&#x27;, &#x27;a&#x27;):<br/>            raise ValueError(&quot;ZipFile requires mode &#x27;r&#x27;, &#x27;w&#x27;, &#x27;x&#x27;, or &#x27;a&#x27;&quot;)<br/>    <br/>        _check_compression(compression)<br/>    <br/>        self._allowZip64 = allowZip64<br/>        self._didModify = False<br/>        self.debug = 0  # Level of printing: 0 through 3<br/>        self.NameToInfo = {}    # Find file info given name<br/>        self.filelist = []      # List of ZipInfo instances for archive<br/>        self.compression = compression  # Method of compression<br/>        self.compresslevel = compresslevel<br/>        self.mode = mode<br/>        self.pwd = None<br/>        self._comment = b&#x27;&#x27;<br/>        self._strict_timestamps = strict_timestamps<br/>    <br/>        # Check if we were passed a file-like object<br/>        if isinstance(file, os.PathLike):<br/>            file = os.fspath(file)<br/>        if isinstance(file, str):<br/>            # No, it&#x27;s a filename<br/>            self._filePassed = 0<br/>            self.filename = file<br/>            modeDict = {&#x27;r&#x27; : &#x27;rb&#x27;, &#x27;w&#x27;: &#x27;w+b&#x27;, &#x27;x&#x27;: &#x27;x+b&#x27;, &#x27;a&#x27; : &#x27;r+b&#x27;,<br/>                        &#x27;r+b&#x27;: &#x27;w+b&#x27;, &#x27;w+b&#x27;: &#x27;wb&#x27;, &#x27;x+b&#x27;: &#x27;xb&#x27;}<br/>            filemode = modeDict[mode]<br/>            while True:<br/>                try:<br/>&gt;                   self.fp = io.open(file, filemode)<br/><span class="error">E                   PermissionError: [Errno 13] Permission denied: &#x27;C:\\Users\\STELCO\\Desktop\\Automation\\YugasaLabs\\TestData\\TestData.xlsx&#x27;</span><br/><br/>C:\Program Files\WindowsApps\PythonSoftwareFoundation.Python.3.9_3.9.2032.0_x64__qbz5n2kfra8p0\lib\zipfile.py:1239: PermissionError<br/></div></td></tr></tbody>
      <tbody class="failed results-table-row">
        <tr>
          <td class="col-result">Failed</td>
          <td class="col-name">Tests/test_CreateIntentPage.py::Test_CreateIntentPage::test_Add_Intent_Save_Btn_functionality[chrome]</td>
          <td class="col-duration">10.94</td>
          <td class="col-links"></td></tr>
        <tr>
          <td class="extra" colspan="4">
            <div class="log">self = &lt;Tests.test_CreateIntentPage.Test_CreateIntentPage object at 0x0000017935670BB0&gt;<br/><br/>    def test_Add_Intent_Save_Btn_functionality(self):<br/>        self.loginPage = LoginPage(self.driver)<br/>        self.homePage = self.loginPage.do_login(TestDataFromExcel.USERNAME, TestDataFromExcel.readPassword(self))<br/>        self.createIntentPage = self.homePage.click_intent_link()<br/>        intentName = TestDataFromExcel.readIntentVariable(self)<br/>        newIntentName = intentName.split(&quot;_&quot;)[0]+&quot;_&quot;+str(int(intentName.split(&quot;_&quot;)[1])+1)<br/>    <br/>&gt;       TestDataFromExcel.write_in_excel(&#x27;CreateIntent&#x27;, 5, 1, newIntentName)<br/><br/>Tests\test_CreateIntentPage.py:66: <br/>_ _ _ _ _ _ _ _ _ _ _ _ _ _ _ _ _ _ _ _ _ _ _ _ _ _ _ _ _ _ _ _ _ _ _ _ _ _ _ _ <br/>TestData\ExcelLogic.py:54: in write_in_excel<br/>    wb.save(workbookPath)<br/>..\..\..\AppData\Local\Packages\PythonSoftwareFoundation.Python.3.9_qbz5n2kfra8p0\LocalCache\local-packages\Python39\site-packages\openpyxl\workbook\workbook.py:407: in save<br/>    save_workbook(self, filename)<br/>..\..\..\AppData\Local\Packages\PythonSoftwareFoundation.Python.3.9_qbz5n2kfra8p0\LocalCache\local-packages\Python39\site-packages\openpyxl\writer\excel.py:291: in save_workbook<br/>    archive = ZipFile(filename, &#x27;w&#x27;, ZIP_DEFLATED, allowZip64=True)<br/>_ _ _ _ _ _ _ _ _ _ _ _ _ _ _ _ _ _ _ _ _ _ _ _ _ _ _ _ _ _ _ _ _ _ _ _ _ _ _ _ <br/><br/>self = &lt;zipfile.ZipFile [closed]&gt;, file = &#x27;C:\\Users\\STELCO\\Desktop\\Automation\\YugasaLabs\\TestData\\TestData.xlsx&#x27;<br/>mode = &#x27;w&#x27;, compression = 8, allowZip64 = True, compresslevel = None<br/><br/>    def __init__(self, file, mode=&quot;r&quot;, compression=ZIP_STORED, allowZip64=True,<br/>                 compresslevel=None, *, strict_timestamps=True):<br/>        &quot;&quot;&quot;Open the ZIP file with mode read &#x27;r&#x27;, write &#x27;w&#x27;, exclusive create &#x27;x&#x27;,<br/>        or append &#x27;a&#x27;.&quot;&quot;&quot;<br/>        if mode not in (&#x27;r&#x27;, &#x27;w&#x27;, &#x27;x&#x27;, &#x27;a&#x27;):<br/>            raise ValueError(&quot;ZipFile requires mode &#x27;r&#x27;, &#x27;w&#x27;, &#x27;x&#x27;, or &#x27;a&#x27;&quot;)<br/>    <br/>        _check_compression(compression)<br/>    <br/>        self._allowZip64 = allowZip64<br/>        self._didModify = False<br/>        self.debug = 0  # Level of printing: 0 through 3<br/>        self.NameToInfo = {}    # Find file info given name<br/>        self.filelist = []      # List of ZipInfo instances for archive<br/>        self.compression = compression  # Method of compression<br/>        self.compresslevel = compresslevel<br/>        self.mode = mode<br/>        self.pwd = None<br/>        self._comment = b&#x27;&#x27;<br/>        self._strict_timestamps = strict_timestamps<br/>    <br/>        # Check if we were passed a file-like object<br/>        if isinstance(file, os.PathLike):<br/>            file = os.fspath(file)<br/>        if isinstance(file, str):<br/>            # No, it&#x27;s a filename<br/>            self._filePassed = 0<br/>            self.filename = file<br/>            modeDict = {&#x27;r&#x27; : &#x27;rb&#x27;, &#x27;w&#x27;: &#x27;w+b&#x27;, &#x27;x&#x27;: &#x27;x+b&#x27;, &#x27;a&#x27; : &#x27;r+b&#x27;,<br/>                        &#x27;r+b&#x27;: &#x27;w+b&#x27;, &#x27;w+b&#x27;: &#x27;wb&#x27;, &#x27;x+b&#x27;: &#x27;xb&#x27;}<br/>            filemode = modeDict[mode]<br/>            while True:<br/>                try:<br/>&gt;                   self.fp = io.open(file, filemode)<br/><span class="error">E                   PermissionError: [Errno 13] Permission denied: &#x27;C:\\Users\\STELCO\\Desktop\\Automation\\YugasaLabs\\TestData\\TestData.xlsx&#x27;</span><br/><br/>C:\Program Files\WindowsApps\PythonSoftwareFoundation.Python.3.9_3.9.2032.0_x64__qbz5n2kfra8p0\lib\zipfile.py:1239: PermissionError<br/></div></td></tr></tbody>
      <tbody class="failed results-table-row">
        <tr>
          <td class="col-result">Failed</td>
          <td class="col-name">Tests/test_CreateIntentPage.py::Test_CreateIntentPage::test_weak_strong_toggle_button_functionality[chrome]</td>
          <td class="col-duration">13.31</td>
          <td class="col-links"></td></tr>
        <tr>
          <td class="extra" colspan="4">
            <div class="log">self = &lt;Tests.test_CreateIntentPage.Test_CreateIntentPage object at 0x00000179355115B0&gt;<br/><br/>    def test_weak_strong_toggle_button_functionality(self):<br/>        self.loginPage = LoginPage(self.driver)<br/>        self.homePage = self.loginPage.do_login(TestDataFromExcel.USERNAME, TestDataFromExcel.readPassword(self))<br/>        self.createIntentPage = self.homePage.click_intent_link()<br/>        # var = TestDataFromExcel.readIntentVariable(self)<br/>        intentName = TestDataFromExcel.readIntentVariable(self)<br/>        newIntentName = intentName.split(&quot;_&quot;)[0] + &quot;_&quot; + str(int(intentName.split(&quot;_&quot;)[1]) + 1)<br/>    <br/>&gt;       TestDataFromExcel.write_in_excel(&#x27;CreateIntent&#x27;, 5, 1, newIntentName)<br/><br/>Tests\test_CreateIntentPage.py:114: <br/>_ _ _ _ _ _ _ _ _ _ _ _ _ _ _ _ _ _ _ _ _ _ _ _ _ _ _ _ _ _ _ _ _ _ _ _ _ _ _ _ <br/>TestData\ExcelLogic.py:54: in write_in_excel<br/>    wb.save(workbookPath)<br/>..\..\..\AppData\Local\Packages\PythonSoftwareFoundation.Python.3.9_qbz5n2kfra8p0\LocalCache\local-packages\Python39\site-packages\openpyxl\workbook\workbook.py:407: in save<br/>    save_workbook(self, filename)<br/>..\..\..\AppData\Local\Packages\PythonSoftwareFoundation.Python.3.9_qbz5n2kfra8p0\LocalCache\local-packages\Python39\site-packages\openpyxl\writer\excel.py:291: in save_workbook<br/>    archive = ZipFile(filename, &#x27;w&#x27;, ZIP_DEFLATED, allowZip64=True)<br/>_ _ _ _ _ _ _ _ _ _ _ _ _ _ _ _ _ _ _ _ _ _ _ _ _ _ _ _ _ _ _ _ _ _ _ _ _ _ _ _ <br/><br/>self = &lt;zipfile.ZipFile [closed]&gt;, file = &#x27;C:\\Users\\STELCO\\Desktop\\Automation\\YugasaLabs\\TestData\\TestData.xlsx&#x27;<br/>mode = &#x27;w&#x27;, compression = 8, allowZip64 = True, compresslevel = None<br/><br/>    def __init__(self, file, mode=&quot;r&quot;, compression=ZIP_STORED, allowZip64=True,<br/>                 compresslevel=None, *, strict_timestamps=True):<br/>        &quot;&quot;&quot;Open the ZIP file with mode read &#x27;r&#x27;, write &#x27;w&#x27;, exclusive create &#x27;x&#x27;,<br/>        or append &#x27;a&#x27;.&quot;&quot;&quot;<br/>        if mode not in (&#x27;r&#x27;, &#x27;w&#x27;, &#x27;x&#x27;, &#x27;a&#x27;):<br/>            raise ValueError(&quot;ZipFile requires mode &#x27;r&#x27;, &#x27;w&#x27;, &#x27;x&#x27;, or &#x27;a&#x27;&quot;)<br/>    <br/>        _check_compression(compression)<br/>    <br/>        self._allowZip64 = allowZip64<br/>        self._didModify = False<br/>        self.debug = 0  # Level of printing: 0 through 3<br/>        self.NameToInfo = {}    # Find file info given name<br/>        self.filelist = []      # List of ZipInfo instances for archive<br/>        self.compression = compression  # Method of compression<br/>        self.compresslevel = compresslevel<br/>        self.mode = mode<br/>        self.pwd = None<br/>        self._comment = b&#x27;&#x27;<br/>        self._strict_timestamps = strict_timestamps<br/>    <br/>        # Check if we were passed a file-like object<br/>        if isinstance(file, os.PathLike):<br/>            file = os.fspath(file)<br/>        if isinstance(file, str):<br/>            # No, it&#x27;s a filename<br/>            self._filePassed = 0<br/>            self.filename = file<br/>            modeDict = {&#x27;r&#x27; : &#x27;rb&#x27;, &#x27;w&#x27;: &#x27;w+b&#x27;, &#x27;x&#x27;: &#x27;x+b&#x27;, &#x27;a&#x27; : &#x27;r+b&#x27;,<br/>                        &#x27;r+b&#x27;: &#x27;w+b&#x27;, &#x27;w+b&#x27;: &#x27;wb&#x27;, &#x27;x+b&#x27;: &#x27;xb&#x27;}<br/>            filemode = modeDict[mode]<br/>            while True:<br/>                try:<br/>&gt;                   self.fp = io.open(file, filemode)<br/><span class="error">E                   PermissionError: [Errno 13] Permission denied: &#x27;C:\\Users\\STELCO\\Desktop\\Automation\\YugasaLabs\\TestData\\TestData.xlsx&#x27;</span><br/><br/>C:\Program Files\WindowsApps\PythonSoftwareFoundation.Python.3.9_3.9.2032.0_x64__qbz5n2kfra8p0\lib\zipfile.py:1239: PermissionError<br/></div></td></tr></tbody>
      <tbody class="failed results-table-row">
        <tr>
          <td class="col-result">Failed</td>
          <td class="col-name">Tests/test_FallbacksPage.py::Test_FallbacksPage::test_create_intent_display[chrome]</td>
          <td class="col-duration">7.24</td>
          <td class="col-links"></td></tr>
        <tr>
          <td class="extra" colspan="4">
            <div class="log">self = &lt;Tests.test_FallbacksPage.Test_FallbacksPage object at 0x0000017935533C10&gt;<br/><br/>    def test_create_intent_display(self):<br/>        self.loginPage = LoginPage(self.driver)<br/>        self.homePage = self.loginPage.do_login(TestDataFromExcel.USERNAME, TestDataFromExcel.readPassword(self))<br/>        self.fallbacksPage = self.homePage.click_fallbacks_link()<br/>        self.createIntentPage = CreateIntentPage(self.driver)<br/>        intentName = TestDataFromExcel.readIntentVariable(self)<br/>        newIntentName = intentName.split(&quot;_&quot;)[0] + &quot;_&quot; + str(int(intentName.split(&quot;_&quot;)[1]) + 1)<br/>    <br/>&gt;       TestDataFromExcel.write_in_excel(&#x27;CreateIntent&#x27;, 5, 1, newIntentName)<br/><br/>Tests\test_FallbacksPage.py:77: <br/>_ _ _ _ _ _ _ _ _ _ _ _ _ _ _ _ _ _ _ _ _ _ _ _ _ _ _ _ _ _ _ _ _ _ _ _ _ _ _ _ <br/>TestData\ExcelLogic.py:54: in write_in_excel<br/>    wb.save(workbookPath)<br/>..\..\..\AppData\Local\Packages\PythonSoftwareFoundation.Python.3.9_qbz5n2kfra8p0\LocalCache\local-packages\Python39\site-packages\openpyxl\workbook\workbook.py:407: in save<br/>    save_workbook(self, filename)<br/>..\..\..\AppData\Local\Packages\PythonSoftwareFoundation.Python.3.9_qbz5n2kfra8p0\LocalCache\local-packages\Python39\site-packages\openpyxl\writer\excel.py:291: in save_workbook<br/>    archive = ZipFile(filename, &#x27;w&#x27;, ZIP_DEFLATED, allowZip64=True)<br/>_ _ _ _ _ _ _ _ _ _ _ _ _ _ _ _ _ _ _ _ _ _ _ _ _ _ _ _ _ _ _ _ _ _ _ _ _ _ _ _ <br/><br/>self = &lt;zipfile.ZipFile [closed]&gt;, file = &#x27;C:\\Users\\STELCO\\Desktop\\Automation\\YugasaLabs\\TestData\\TestData.xlsx&#x27;<br/>mode = &#x27;w&#x27;, compression = 8, allowZip64 = True, compresslevel = None<br/><br/>    def __init__(self, file, mode=&quot;r&quot;, compression=ZIP_STORED, allowZip64=True,<br/>                 compresslevel=None, *, strict_timestamps=True):<br/>        &quot;&quot;&quot;Open the ZIP file with mode read &#x27;r&#x27;, write &#x27;w&#x27;, exclusive create &#x27;x&#x27;,<br/>        or append &#x27;a&#x27;.&quot;&quot;&quot;<br/>        if mode not in (&#x27;r&#x27;, &#x27;w&#x27;, &#x27;x&#x27;, &#x27;a&#x27;):<br/>            raise ValueError(&quot;ZipFile requires mode &#x27;r&#x27;, &#x27;w&#x27;, &#x27;x&#x27;, or &#x27;a&#x27;&quot;)<br/>    <br/>        _check_compression(compression)<br/>    <br/>        self._allowZip64 = allowZip64<br/>        self._didModify = False<br/>        self.debug = 0  # Level of printing: 0 through 3<br/>        self.NameToInfo = {}    # Find file info given name<br/>        self.filelist = []      # List of ZipInfo instances for archive<br/>        self.compression = compression  # Method of compression<br/>        self.compresslevel = compresslevel<br/>        self.mode = mode<br/>        self.pwd = None<br/>        self._comment = b&#x27;&#x27;<br/>        self._strict_timestamps = strict_timestamps<br/>    <br/>        # Check if we were passed a file-like object<br/>        if isinstance(file, os.PathLike):<br/>            file = os.fspath(file)<br/>        if isinstance(file, str):<br/>            # No, it&#x27;s a filename<br/>            self._filePassed = 0<br/>            self.filename = file<br/>            modeDict = {&#x27;r&#x27; : &#x27;rb&#x27;, &#x27;w&#x27;: &#x27;w+b&#x27;, &#x27;x&#x27;: &#x27;x+b&#x27;, &#x27;a&#x27; : &#x27;r+b&#x27;,<br/>                        &#x27;r+b&#x27;: &#x27;w+b&#x27;, &#x27;w+b&#x27;: &#x27;wb&#x27;, &#x27;x+b&#x27;: &#x27;xb&#x27;}<br/>            filemode = modeDict[mode]<br/>            while True:<br/>                try:<br/>&gt;                   self.fp = io.open(file, filemode)<br/><span class="error">E                   PermissionError: [Errno 13] Permission denied: &#x27;C:\\Users\\STELCO\\Desktop\\Automation\\YugasaLabs\\TestData\\TestData.xlsx&#x27;</span><br/><br/>C:\Program Files\WindowsApps\PythonSoftwareFoundation.Python.3.9_3.9.2032.0_x64__qbz5n2kfra8p0\lib\zipfile.py:1239: PermissionError<br/></div></td></tr></tbody>
      <tbody class="failed results-table-row">
        <tr>
          <td class="col-result">Failed</td>
          <td class="col-name">Tests/test_HomePage.py::Test_HomePage::test_side_menu_links_position[chrome]</td>
          <td class="col-duration">7.30</td>
          <td class="col-links"></td></tr>
        <tr>
          <td class="extra" colspan="4">
            <div class="log">self = &lt;Tests.test_HomePage.Test_HomePage object at 0x00000179356700D0&gt;<br/><br/>    def test_side_menu_links_position(self):<br/>        self.loginPage = LoginPage(self.driver)<br/>        self.homePage = self.loginPage.do_login(TestDataFromExcel.USERNAME, TestDataFromExcel.readPassword(self))<br/>&gt;       assert self.homePage.check_all_links_side_menu_visible() == TestData.LINK_NAMES<br/><span class="error">E       assert [&#x27;Dashboard&#x27;,...Intents&#x27;, ...] == [&#x27;Dashboard&#x27;,...&#x27;Intent&#x27;, ...]</span><br/><span class="error">E         At index 3 diff: &quot;Visitor&#x27;s Log BETA&quot; != &quot;Visitor&#x27;s Log&quot;</span><br/><span class="error">E         Left contains one more item: &#x27;Sign Out&#x27;</span><br/><span class="error">E         Use -v to get the full diff</span><br/><br/>Tests\test_HomePage.py:47: AssertionError<br/></div></td></tr></tbody>
      <tbody class="failed results-table-row">
        <tr>
          <td class="col-result">Failed</td>
          <td class="col-name">Tests/test_HomePage.py::Test_HomePage::test_ProgressChart_filter[chrome]</td>
          <td class="col-duration">7.04</td>
          <td class="col-links"></td></tr>
        <tr>
          <td class="extra" colspan="4">
            <div class="log">self = &lt;Tests.test_HomePage.Test_HomePage object at 0x0000017935564370&gt;<br/><br/>    def test_ProgressChart_filter(self):<br/>        self.loginPage = LoginPage(self.driver)<br/>        self.homePage = self.loginPage.do_login(TestDataFromExcel.USERNAME, TestDataFromExcel.readPassword(self))<br/>&gt;       assert self.homePage.get_Chart_Filter_dropDown_Options() == TestData.Expected_Chart_Filters_Options<br/><span class="error">E       AssertionError: assert [&#x27;Line Chart(..., &#x27;Bar Chart&#x27;] == [&#x27;Line Chart&#x27;, &#x27;Bar Chart&#x27;]</span><br/><span class="error">E         At index 0 diff: &#x27;Line Chart(Cumulative Graph)&#x27; != &#x27;Line Chart&#x27;</span><br/><span class="error">E         Left contains one more item: &#x27;Bar Chart&#x27;</span><br/><span class="error">E         Use -v to get the full diff</span><br/><br/>Tests\test_HomePage.py:62: AssertionError<br/></div></td></tr></tbody>
      <tbody class="failed results-table-row">
        <tr>
          <td class="col-result">Failed</td>
          <td class="col-name">Tests/test_Paginations.py::Test_Paginations::test_Fallbacks_pagination_Last_btn_functionality[chrome]</td>
          <td class="col-duration">18.98</td>
          <td class="col-links"></td></tr>
        <tr>
          <td class="extra" colspan="4">
            <div class="log">self = &lt;Tests.test_Paginations.Test_Paginations object at 0x0000017935090970&gt;<br/><br/>    def test_Fallbacks_pagination_Last_btn_functionality(self):<br/>        self.loginPage = LoginPage(self.driver)<br/>        self.homePage = self.loginPage.do_login(TestDataFromExcel.USERNAME, TestDataFromExcel.readPassword(self))<br/>        self.fallbacksPage = self.homePage.click_fallbacks_link()<br/>&gt;       assert self.fallbacksPage.click_pagination_Last_button() == True<br/><br/>Tests\test_Paginations.py:15: <br/>_ _ _ _ _ _ _ _ _ _ _ _ _ _ _ _ _ _ _ _ _ _ _ _ _ _ _ _ _ _ _ _ _ _ _ _ _ _ _ _ <br/>Pages\FallbacksPage.py:151: in click_pagination_Last_button<br/>    self.do_click(self.Pagination_Last_Btn)<br/>Pages\BasePage.py:24: in do_click<br/>    WebDriverWait(self.driver, 10).until(EC.element_to_be_clickable(by_locator)).click()<br/>_ _ _ _ _ _ _ _ _ _ _ _ _ _ _ _ _ _ _ _ _ _ _ _ _ _ _ _ _ _ _ _ _ _ _ _ _ _ _ _ <br/><br/>self = &lt;selenium.webdriver.support.wait.WebDriverWait (session=&quot;91f9a9fcdca604aff380ade6b580e4da&quot;)&gt;<br/>method = &lt;selenium.webdriver.support.expected_conditions.element_to_be_clickable object at 0x00000179351F0220&gt;<br/>message = &#x27;&#x27;<br/><br/>    def until(self, method, message=&#x27;&#x27;):<br/>        &quot;&quot;&quot;Calls the method provided with the driver as an argument until the \<br/>        return value is not False.&quot;&quot;&quot;<br/>        screen = None<br/>        stacktrace = None<br/>    <br/>        end_time = time.time() + self._timeout<br/>        while True:<br/>            try:<br/>                value = method(self._driver)<br/>                if value:<br/>                    return value<br/>            except self._ignored_exceptions as exc:<br/>                screen = getattr(exc, &#x27;screen&#x27;, None)<br/>                stacktrace = getattr(exc, &#x27;stacktrace&#x27;, None)<br/>            time.sleep(self._poll)<br/>            if time.time() &gt; end_time:<br/>                break<br/>&gt;       raise TimeoutException(message, screen, stacktrace)<br/><span class="error">E       selenium.common.exceptions.TimeoutException: Message:</span><br/><br/>..\..\..\AppData\Local\Packages\PythonSoftwareFoundation.Python.3.9_qbz5n2kfra8p0\LocalCache\local-packages\Python39\site-packages\selenium\webdriver\support\wait.py:80: TimeoutException<br/> -----------------------------Captured stderr setup------------------------------ <br/>

====== WebDriver manager ======
Current google-chrome version is 93.0.4577
Get LATEST driver version for 93.0.4577
Driver [C:\Users\STELCO\.wdm\drivers\chromedriver\win32\93.0.4577.63\chromedriver.exe] found in cache
<br/> -------------------------------Captured log setup------------------------------- <br/>INFO     WDM:logger.py:12 

INFO     WDM:logger.py:12 ====== WebDriver manager ======
INFO     WDM:logger.py:12 Current google-chrome version is 93.0.4577
INFO     WDM:logger.py:12 Get LATEST driver version for 93.0.4577
INFO     WDM:logger.py:12 Driver [C:\Users\STELCO\.wdm\drivers\chromedriver\win32\93.0.4577.63\chromedriver.exe] found in cache<br/></div></td></tr></tbody>
      <tbody class="failed results-table-row">
        <tr>
          <td class="col-result">Failed</td>
          <td class="col-name">Tests/test_Paginations.py::Test_Paginations::test_Fallbacks_pagination_First_btn_functionality[chrome]</td>
          <td class="col-duration">18.05</td>
          <td class="col-links"></td></tr>
        <tr>
          <td class="extra" colspan="4">
            <div class="log">self = &lt;Tests.test_Paginations.Test_Paginations object at 0x0000017935439AC0&gt;<br/><br/>    def test_Fallbacks_pagination_First_btn_functionality(self):<br/>        self.loginPage = LoginPage(self.driver)<br/>        self.homePage = self.loginPage.do_login(TestDataFromExcel.USERNAME, TestDataFromExcel.readPassword(self))<br/>        self.fallbacksPage = self.homePage.click_fallbacks_link()<br/>&gt;       assert self.fallbacksPage.click_pagination_first_button() == True<br/><br/>Tests\test_Paginations.py:21: <br/>_ _ _ _ _ _ _ _ _ _ _ _ _ _ _ _ _ _ _ _ _ _ _ _ _ _ _ _ _ _ _ _ _ _ _ _ _ _ _ _ <br/>Pages\FallbacksPage.py:140: in click_pagination_first_button<br/>    self.do_click(self.Pagination_Last_Btn)<br/>Pages\BasePage.py:24: in do_click<br/>    WebDriverWait(self.driver, 10).until(EC.element_to_be_clickable(by_locator)).click()<br/>_ _ _ _ _ _ _ _ _ _ _ _ _ _ _ _ _ _ _ _ _ _ _ _ _ _ _ _ _ _ _ _ _ _ _ _ _ _ _ _ <br/><br/>self = &lt;selenium.webdriver.support.wait.WebDriverWait (session=&quot;91f9a9fcdca604aff380ade6b580e4da&quot;)&gt;<br/>method = &lt;selenium.webdriver.support.expected_conditions.element_to_be_clickable object at 0x0000017935439460&gt;<br/>message = &#x27;&#x27;<br/><br/>    def until(self, method, message=&#x27;&#x27;):<br/>        &quot;&quot;&quot;Calls the method provided with the driver as an argument until the \<br/>        return value is not False.&quot;&quot;&quot;<br/>        screen = None<br/>        stacktrace = None<br/>    <br/>        end_time = time.time() + self._timeout<br/>        while True:<br/>            try:<br/>                value = method(self._driver)<br/>                if value:<br/>                    return value<br/>            except self._ignored_exceptions as exc:<br/>                screen = getattr(exc, &#x27;screen&#x27;, None)<br/>                stacktrace = getattr(exc, &#x27;stacktrace&#x27;, None)<br/>            time.sleep(self._poll)<br/>            if time.time() &gt; end_time:<br/>                break<br/>&gt;       raise TimeoutException(message, screen, stacktrace)<br/><span class="error">E       selenium.common.exceptions.TimeoutException: Message:</span><br/><br/>..\..\..\AppData\Local\Packages\PythonSoftwareFoundation.Python.3.9_qbz5n2kfra8p0\LocalCache\local-packages\Python39\site-packages\selenium\webdriver\support\wait.py:80: TimeoutException<br/></div></td></tr></tbody>
      <tbody class="failed results-table-row">
        <tr>
          <td class="col-result">Failed</td>
          <td class="col-name">Tests/test_Paginations.py::Test_Paginations::test_Fallbacks_pagination_Next_btn_functionality[chrome]</td>
          <td class="col-duration">7.74</td>
          <td class="col-links"></td></tr>
        <tr>
          <td class="extra" colspan="4">
            <div class="log">self = &lt;Tests.test_Paginations.Test_Paginations object at 0x0000017935537D60&gt;<br/><br/>    def test_Fallbacks_pagination_Next_btn_functionality(self):<br/>        self.loginPage = LoginPage(self.driver)<br/>        self.homePage = self.loginPage.do_login(TestDataFromExcel.USERNAME, TestDataFromExcel.readPassword(self))<br/>        self.fallbacksPage = self.homePage.click_fallbacks_link()<br/>&gt;       assert self.fallbacksPage.click_pagination_next_button() == True<br/><span class="error">E       assert None == True</span><br/><span class="error">E        +  where None = &lt;bound method FallbacksPage.click_pagination_next_button of &lt;Pages.FallbacksPage.FallbacksPage object at 0x0000017935461490&gt;&gt;()</span><br/><span class="error">E        +    where &lt;bound method FallbacksPage.click_pagination_next_button of &lt;Pages.FallbacksPage.FallbacksPage object at 0x0000017935461490&gt;&gt; = &lt;Pages.FallbacksPage.FallbacksPage object at 0x0000017935461490&gt;.click_pagination_next_button</span><br/><span class="error">E        +      where &lt;Pages.FallbacksPage.FallbacksPage object at 0x0000017935461490&gt; = &lt;Tests.test_Paginations.Test_Paginations object at 0x0000017935537D60&gt;.fallbacksPage</span><br/><br/>Tests\test_Paginations.py:27: AssertionError<br/></div></td></tr></tbody>
      <tbody class="failed results-table-row">
        <tr>
          <td class="col-result">Failed</td>
          <td class="col-name">Tests/test_Paginations.py::Test_Paginations::test_Fallbacks_pagination_Previous_btn_functionality[chrome]</td>
          <td class="col-duration">7.48</td>
          <td class="col-links"></td></tr>
        <tr>
          <td class="extra" colspan="4">
            <div class="log">self = &lt;Tests.test_Paginations.Test_Paginations object at 0x0000017934D3C2E0&gt;<br/><br/>    def test_Fallbacks_pagination_Previous_btn_functionality(self):<br/>        self.loginPage = LoginPage(self.driver)<br/>        self.homePage = self.loginPage.do_login(TestDataFromExcel.USERNAME, TestDataFromExcel.readPassword(self))<br/>        self.fallbacksPage = self.homePage.click_fallbacks_link()<br/>&gt;       assert self.fallbacksPage.click_pagination_previous_button() == True<br/><span class="error">E       assert None == True</span><br/><span class="error">E        +  where None = &lt;bound method FallbacksPage.click_pagination_previous_button of &lt;Pages.FallbacksPage.FallbacksPage object at 0x0000017934DAF970&gt;&gt;()</span><br/><span class="error">E        +    where &lt;bound method FallbacksPage.click_pagination_previous_button of &lt;Pages.FallbacksPage.FallbacksPage object at 0x0000017934DAF970&gt;&gt; = &lt;Pages.FallbacksPage.FallbacksPage object at 0x0000017934DAF970&gt;.click_pagination_previous_button</span><br/><span class="error">E        +      where &lt;Pages.FallbacksPage.FallbacksPage object at 0x0000017934DAF970&gt; = &lt;Tests.test_Paginations.Test_Paginations object at 0x0000017934D3C2E0&gt;.fallbacksPage</span><br/><br/>Tests\test_Paginations.py:33: AssertionError<br/></div></td></tr></tbody>
      <tbody class="failed results-table-row">
        <tr>
          <td class="col-result">Failed</td>
          <td class="col-name">Tests/test_SlotsPage.py::Test_SlotsPage::test_Add_Slots_PopUp_Close_Cancel_OK_Btn[chrome]</td>
          <td class="col-duration">14.84</td>
          <td class="col-links"></td></tr>
        <tr>
          <td class="extra" colspan="4">
            <div class="log">self = &lt;Tests.test_SlotsPage.Test_SlotsPage object at 0x0000017935481610&gt;<br/><br/>    def test_Add_Slots_PopUp_Close_Cancel_OK_Btn(self):<br/>        self.loginPage = LoginPage(self.driver)<br/>        self.homePage = self.loginPage.do_login(TestDataFromExcel.USERNAME, TestDataFromExcel.readPassword(self))<br/>        self.slotsPage = self.homePage.click_leftMenu_SlotsLink()<br/>&gt;       assert self.slotsPage.click_Add_Slots_PopUp_Close_Cancel_OK_Btn() == False<br/><span class="error">E       assert True == False</span><br/><span class="error">E        +  where True = &lt;bound method SlotsPage.click_Add_Slots_PopUp_Close_Cancel_OK_Btn of &lt;Pages.SlotsPage.SlotsPage object at 0x00000179355C0B50&gt;&gt;()</span><br/><span class="error">E        +    where &lt;bound method SlotsPage.click_Add_Slots_PopUp_Close_Cancel_OK_Btn of &lt;Pages.SlotsPage.SlotsPage object at 0x00000179355C0B50&gt;&gt; = &lt;Pages.SlotsPage.SlotsPage object at 0x00000179355C0B50&gt;.click_Add_Slots_PopUp_Close_Cancel_OK_Btn</span><br/><span class="error">E        +      where &lt;Pages.SlotsPage.SlotsPage object at 0x00000179355C0B50&gt; = &lt;Tests.test_SlotsPage.Test_SlotsPage object at 0x0000017935481610&gt;.slotsPage</span><br/><br/>Tests\test_SlotsPage.py:44: AssertionError<br/></div></td></tr></tbody>
      <tbody class="failed results-table-row">
        <tr>
          <td class="col-result">Failed</td>
          <td class="col-name">Tests/test_SlotsPage.py::Test_SlotsPage::test_add_title_functionality[chrome]</td>
          <td class="col-duration">7.68</td>
          <td class="col-links"></td></tr>
        <tr>
          <td class="extra" colspan="4">
            <div class="log">self = &lt;Tests.test_SlotsPage.Test_SlotsPage object at 0x00000179356017F0&gt;<br/><br/>    def test_add_title_functionality(self):<br/>        self.loginPage = LoginPage(self.driver)<br/>        self.homePage = self.loginPage.do_login(TestDataFromExcel.USERNAME, TestDataFromExcel.readPassword(self))<br/>        self.slotsPage = self.homePage.click_leftMenu_SlotsLink()<br/>        titleName = TestDataFromExcel.read_addSlot_title_variable(self)<br/>        newTitleName = titleName.split(&quot;_&quot;)[0] + &quot;_&quot; + str(int(titleName.split(&quot;_&quot;)[1]) + 1)<br/>&gt;       TestDataFromExcel.write_in_excel(&#x27;SLOTSPAGE&#x27;, 2, 1, newTitleName)<br/><br/>Tests\test_SlotsPage.py:58: <br/>_ _ _ _ _ _ _ _ _ _ _ _ _ _ _ _ _ _ _ _ _ _ _ _ _ _ _ _ _ _ _ _ _ _ _ _ _ _ _ _ <br/>TestData\ExcelLogic.py:54: in write_in_excel<br/>    wb.save(workbookPath)<br/>..\..\..\AppData\Local\Packages\PythonSoftwareFoundation.Python.3.9_qbz5n2kfra8p0\LocalCache\local-packages\Python39\site-packages\openpyxl\workbook\workbook.py:407: in save<br/>    save_workbook(self, filename)<br/>..\..\..\AppData\Local\Packages\PythonSoftwareFoundation.Python.3.9_qbz5n2kfra8p0\LocalCache\local-packages\Python39\site-packages\openpyxl\writer\excel.py:291: in save_workbook<br/>    archive = ZipFile(filename, &#x27;w&#x27;, ZIP_DEFLATED, allowZip64=True)<br/>_ _ _ _ _ _ _ _ _ _ _ _ _ _ _ _ _ _ _ _ _ _ _ _ _ _ _ _ _ _ _ _ _ _ _ _ _ _ _ _ <br/><br/>self = &lt;zipfile.ZipFile [closed]&gt;, file = &#x27;C:\\Users\\STELCO\\Desktop\\Automation\\YugasaLabs\\TestData\\TestData.xlsx&#x27;<br/>mode = &#x27;w&#x27;, compression = 8, allowZip64 = True, compresslevel = None<br/><br/>    def __init__(self, file, mode=&quot;r&quot;, compression=ZIP_STORED, allowZip64=True,<br/>                 compresslevel=None, *, strict_timestamps=True):<br/>        &quot;&quot;&quot;Open the ZIP file with mode read &#x27;r&#x27;, write &#x27;w&#x27;, exclusive create &#x27;x&#x27;,<br/>        or append &#x27;a&#x27;.&quot;&quot;&quot;<br/>        if mode not in (&#x27;r&#x27;, &#x27;w&#x27;, &#x27;x&#x27;, &#x27;a&#x27;):<br/>            raise ValueError(&quot;ZipFile requires mode &#x27;r&#x27;, &#x27;w&#x27;, &#x27;x&#x27;, or &#x27;a&#x27;&quot;)<br/>    <br/>        _check_compression(compression)<br/>    <br/>        self._allowZip64 = allowZip64<br/>        self._didModify = False<br/>        self.debug = 0  # Level of printing: 0 through 3<br/>        self.NameToInfo = {}    # Find file info given name<br/>        self.filelist = []      # List of ZipInfo instances for archive<br/>        self.compression = compression  # Method of compression<br/>        self.compresslevel = compresslevel<br/>        self.mode = mode<br/>        self.pwd = None<br/>        self._comment = b&#x27;&#x27;<br/>        self._strict_timestamps = strict_timestamps<br/>    <br/>        # Check if we were passed a file-like object<br/>        if isinstance(file, os.PathLike):<br/>            file = os.fspath(file)<br/>        if isinstance(file, str):<br/>            # No, it&#x27;s a filename<br/>            self._filePassed = 0<br/>            self.filename = file<br/>            modeDict = {&#x27;r&#x27; : &#x27;rb&#x27;, &#x27;w&#x27;: &#x27;w+b&#x27;, &#x27;x&#x27;: &#x27;x+b&#x27;, &#x27;a&#x27; : &#x27;r+b&#x27;,<br/>                        &#x27;r+b&#x27;: &#x27;w+b&#x27;, &#x27;w+b&#x27;: &#x27;wb&#x27;, &#x27;x+b&#x27;: &#x27;xb&#x27;}<br/>            filemode = modeDict[mode]<br/>            while True:<br/>                try:<br/>&gt;                   self.fp = io.open(file, filemode)<br/><span class="error">E                   PermissionError: [Errno 13] Permission denied: &#x27;C:\\Users\\STELCO\\Desktop\\Automation\\YugasaLabs\\TestData\\TestData.xlsx&#x27;</span><br/><br/>C:\Program Files\WindowsApps\PythonSoftwareFoundation.Python.3.9_3.9.2032.0_x64__qbz5n2kfra8p0\lib\zipfile.py:1239: PermissionError<br/></div></td></tr></tbody>
      <tbody class="failed results-table-row">
        <tr>
          <td class="col-result">Failed</td>
          <td class="col-name">Tests/test_SlotsPage.py::Test_SlotsPage::test_Save_Btn_functionality[chrome]</td>
          <td class="col-duration">7.27</td>
          <td class="col-links"></td></tr>
        <tr>
          <td class="extra" colspan="4">
            <div class="log">self = &lt;Tests.test_SlotsPage.Test_SlotsPage object at 0x000001793565CF40&gt;<br/><br/>    def test_Save_Btn_functionality(self):<br/>        self.loginPage = LoginPage(self.driver)<br/>        self.homePage = self.loginPage.do_login(TestDataFromExcel.USERNAME, TestDataFromExcel.readPassword(self))<br/>        self.slotsPage = self.homePage.click_leftMenu_SlotsLink()<br/>        titleName = TestDataFromExcel.read_addSlot_title_variable(self)<br/>        newTitleName = titleName.split(&quot;_&quot;)[0] + &quot;_&quot; + str(int(titleName.split(&quot;_&quot;)[1]) + 1)<br/>&gt;       TestDataFromExcel.write_in_excel(&#x27;SLOTSPAGE&#x27;, 2, 1, newTitleName)<br/><br/>Tests\test_SlotsPage.py:79: <br/>_ _ _ _ _ _ _ _ _ _ _ _ _ _ _ _ _ _ _ _ _ _ _ _ _ _ _ _ _ _ _ _ _ _ _ _ _ _ _ _ <br/>TestData\ExcelLogic.py:54: in write_in_excel<br/>    wb.save(workbookPath)<br/>..\..\..\AppData\Local\Packages\PythonSoftwareFoundation.Python.3.9_qbz5n2kfra8p0\LocalCache\local-packages\Python39\site-packages\openpyxl\workbook\workbook.py:407: in save<br/>    save_workbook(self, filename)<br/>..\..\..\AppData\Local\Packages\PythonSoftwareFoundation.Python.3.9_qbz5n2kfra8p0\LocalCache\local-packages\Python39\site-packages\openpyxl\writer\excel.py:291: in save_workbook<br/>    archive = ZipFile(filename, &#x27;w&#x27;, ZIP_DEFLATED, allowZip64=True)<br/>_ _ _ _ _ _ _ _ _ _ _ _ _ _ _ _ _ _ _ _ _ _ _ _ _ _ _ _ _ _ _ _ _ _ _ _ _ _ _ _ <br/><br/>self = &lt;zipfile.ZipFile [closed]&gt;, file = &#x27;C:\\Users\\STELCO\\Desktop\\Automation\\YugasaLabs\\TestData\\TestData.xlsx&#x27;<br/>mode = &#x27;w&#x27;, compression = 8, allowZip64 = True, compresslevel = None<br/><br/>    def __init__(self, file, mode=&quot;r&quot;, compression=ZIP_STORED, allowZip64=True,<br/>                 compresslevel=None, *, strict_timestamps=True):<br/>        &quot;&quot;&quot;Open the ZIP file with mode read &#x27;r&#x27;, write &#x27;w&#x27;, exclusive create &#x27;x&#x27;,<br/>        or append &#x27;a&#x27;.&quot;&quot;&quot;<br/>        if mode not in (&#x27;r&#x27;, &#x27;w&#x27;, &#x27;x&#x27;, &#x27;a&#x27;):<br/>            raise ValueError(&quot;ZipFile requires mode &#x27;r&#x27;, &#x27;w&#x27;, &#x27;x&#x27;, or &#x27;a&#x27;&quot;)<br/>    <br/>        _check_compression(compression)<br/>    <br/>        self._allowZip64 = allowZip64<br/>        self._didModify = False<br/>        self.debug = 0  # Level of printing: 0 through 3<br/>        self.NameToInfo = {}    # Find file info given name<br/>        self.filelist = []      # List of ZipInfo instances for archive<br/>        self.compression = compression  # Method of compression<br/>        self.compresslevel = compresslevel<br/>        self.mode = mode<br/>        self.pwd = None<br/>        self._comment = b&#x27;&#x27;<br/>        self._strict_timestamps = strict_timestamps<br/>    <br/>        # Check if we were passed a file-like object<br/>        if isinstance(file, os.PathLike):<br/>            file = os.fspath(file)<br/>        if isinstance(file, str):<br/>            # No, it&#x27;s a filename<br/>            self._filePassed = 0<br/>            self.filename = file<br/>            modeDict = {&#x27;r&#x27; : &#x27;rb&#x27;, &#x27;w&#x27;: &#x27;w+b&#x27;, &#x27;x&#x27;: &#x27;x+b&#x27;, &#x27;a&#x27; : &#x27;r+b&#x27;,<br/>                        &#x27;r+b&#x27;: &#x27;w+b&#x27;, &#x27;w+b&#x27;: &#x27;wb&#x27;, &#x27;x+b&#x27;: &#x27;xb&#x27;}<br/>            filemode = modeDict[mode]<br/>            while True:<br/>                try:<br/>&gt;                   self.fp = io.open(file, filemode)<br/><span class="error">E                   PermissionError: [Errno 13] Permission denied: &#x27;C:\\Users\\STELCO\\Desktop\\Automation\\YugasaLabs\\TestData\\TestData.xlsx&#x27;</span><br/><br/>C:\Program Files\WindowsApps\PythonSoftwareFoundation.Python.3.9_3.9.2032.0_x64__qbz5n2kfra8p0\lib\zipfile.py:1239: PermissionError<br/></div></td></tr></tbody>
      <tbody class="failed results-table-row">
        <tr>
          <td class="col-result">Failed</td>
          <td class="col-name">Tests/test_SlotsPage.py::Test_SlotsPage::test_edit_slot_btn_functionality[chrome]</td>
          <td class="col-duration">17.38</td>
          <td class="col-links"></td></tr>
        <tr>
          <td class="extra" colspan="4">
            <div class="log">self = &lt;Tests.test_SlotsPage.Test_SlotsPage object at 0x000001793551AFA0&gt;<br/><br/>    def test_edit_slot_btn_functionality(self):<br/>        self.loginPage = LoginPage(self.driver)<br/>        self.homePage = self.loginPage.do_login(TestDataFromExcel.USERNAME, TestDataFromExcel.readPassword(self))<br/>        self.slotsPage = self.homePage.click_leftMenu_SlotsLink()<br/>&gt;       assert self.slotsPage.click_edit_slot_btn() == True<br/><br/>Tests\test_SlotsPage.py:110: <br/>_ _ _ _ _ _ _ _ _ _ _ _ _ _ _ _ _ _ _ _ _ _ _ _ _ _ _ _ _ _ _ _ _ _ _ _ _ _ _ _ <br/>Pages\SlotsPage.py:151: in click_edit_slot_btn<br/>    return self.is_clickable(self.EDIT_SLOTS_SAVE_BTN)<br/>Pages\BasePage.py:27: in is_clickable<br/>    flag = WebDriverWait(self.driver, 10).until(EC.element_to_be_clickable(by_locator))<br/>_ _ _ _ _ _ _ _ _ _ _ _ _ _ _ _ _ _ _ _ _ _ _ _ _ _ _ _ _ _ _ _ _ _ _ _ _ _ _ _ <br/><br/>self = &lt;selenium.webdriver.support.wait.WebDriverWait (session=&quot;cf99d1e8adb0720f26cf37f3e42401fd&quot;)&gt;<br/>method = &lt;selenium.webdriver.support.expected_conditions.element_to_be_clickable object at 0x000001793543C8E0&gt;<br/>message = &#x27;&#x27;<br/><br/>    def until(self, method, message=&#x27;&#x27;):<br/>        &quot;&quot;&quot;Calls the method provided with the driver as an argument until the \<br/>        return value is not False.&quot;&quot;&quot;<br/>        screen = None<br/>        stacktrace = None<br/>    <br/>        end_time = time.time() + self._timeout<br/>        while True:<br/>            try:<br/>                value = method(self._driver)<br/>                if value:<br/>                    return value<br/>            except self._ignored_exceptions as exc:<br/>                screen = getattr(exc, &#x27;screen&#x27;, None)<br/>                stacktrace = getattr(exc, &#x27;stacktrace&#x27;, None)<br/>            time.sleep(self._poll)<br/>            if time.time() &gt; end_time:<br/>                break<br/>&gt;       raise TimeoutException(message, screen, stacktrace)<br/><span class="error">E       selenium.common.exceptions.TimeoutException: Message:</span><br/><br/>..\..\..\AppData\Local\Packages\PythonSoftwareFoundation.Python.3.9_qbz5n2kfra8p0\LocalCache\local-packages\Python39\site-packages\selenium\webdriver\support\wait.py:80: TimeoutException<br/></div></td></tr></tbody>
      <tbody class="failed results-table-row">
        <tr>
          <td class="col-result">Failed</td>
          <td class="col-name">Tests/test_SlotsPage.py::Test_SlotsPage::test_toggle_btn_InActive_functionality[chrome]</td>
          <td class="col-duration">7.88</td>
          <td class="col-links"></td></tr>
        <tr>
          <td class="extra" colspan="4">
            <div class="log">self = &lt;Tests.test_SlotsPage.Test_SlotsPage object at 0x0000017935177940&gt;<br/><br/>    def test_toggle_btn_InActive_functionality(self):<br/>        self.loginPage = LoginPage(self.driver)<br/>        self.homePage = self.loginPage.do_login(TestDataFromExcel.USERNAME, TestDataFromExcel.readPassword(self))<br/>        self.slotsPage = self.homePage.click_leftMenu_SlotsLink()<br/>&gt;       assert self.slotsPage.click_toggle_btn_InActive() == TestData.TOGGLE_ACTIVE_MSG<br/><span class="error">E       AssertionError: assert &#x27;Slots gets inactive&#x27; == &#x27;Slots gets active&#x27;</span><br/><span class="error">E         - Slots gets active</span><br/><span class="error">E         + Slots gets inactive</span><br/><span class="error">E         ?            ++</span><br/><br/>Tests\test_SlotsPage.py:116: AssertionError<br/></div></td></tr></tbody>
      <tbody class="failed results-table-row">
        <tr>
          <td class="col-result">Failed</td>
          <td class="col-name">Tests/test_WebhooksAndActionsPage.py::Test_WebhooksAndActionsPage::test_verify_add_webhook_is_working_properly[chrome]</td>
          <td class="col-duration">21.97</td>
          <td class="col-links"></td></tr>
        <tr>
          <td class="extra" colspan="4">
            <div class="log">self = &lt;Tests.test_WebhooksAndActionsPage.Test_WebhooksAndActionsPage object at 0x000001793517D7C0&gt;<br/><br/>    def test_verify_add_webhook_is_working_properly(self):<br/>        self.loginPage = LoginPage(self.driver)<br/>        self.homePage = self.loginPage.do_login(TestDataFromExcel.USERNAME, TestDataFromExcel.readPassword(self))<br/>        self.webHooks = self.homePage.click_leftMenu_Webhooks_and_Actions()<br/>        assert self.webHooks.check_Page_Header_display() == True<br/>        self.addHook = self.webHooks.click_On_WebHook_Btn()<br/>        assert self.addHook.check_Page_AddHook_display() == True<br/>        num=random.randint(0,999)<br/>        string_value = str(num)<br/>        text = &quot;test {}&quot;<br/>        self.addHook.enter_name(text.format(string_value))<br/>        self.addHook.enter_url(&quot;www.demotest.com&quot;)<br/>        self.addHook.enter_parameters(&quot;Hooks_parameters&quot;)<br/>        self.addHook.enter_API(&quot;key&quot;)<br/>        self.addHook.enter_API_Secret(&quot;demoKey&quot;)<br/>        self.addHook.select_Method()<br/>        self.addHook.click_On_Save_Btn()<br/>        time.sleep(3)<br/>&gt;       self.addHook.click_On_Edit_Icon()<br/><br/>Tests\test_WebhooksAndActionsPage.py:57: <br/>_ _ _ _ _ _ _ _ _ _ _ _ _ _ _ _ _ _ _ _ _ _ _ _ _ _ _ _ _ _ _ _ _ _ _ _ _ _ _ _ <br/>Pages\WebhooksAndActions.py:113: in click_On_Edit_Icon<br/>    self.do_click(self.Webhooks_Edit_Icon)<br/>Pages\BasePage.py:24: in do_click<br/>    WebDriverWait(self.driver, 10).until(EC.element_to_be_clickable(by_locator)).click()<br/>_ _ _ _ _ _ _ _ _ _ _ _ _ _ _ _ _ _ _ _ _ _ _ _ _ _ _ _ _ _ _ _ _ _ _ _ _ _ _ _ <br/><br/>self = &lt;selenium.webdriver.support.wait.WebDriverWait (session=&quot;2b3907a0902294ca82ffa750cb82dc5e&quot;)&gt;<br/>method = &lt;selenium.webdriver.support.expected_conditions.element_to_be_clickable object at 0x00000179351C97F0&gt;<br/>message = &#x27;&#x27;<br/><br/>    def until(self, method, message=&#x27;&#x27;):<br/>        &quot;&quot;&quot;Calls the method provided with the driver as an argument until the \<br/>        return value is not False.&quot;&quot;&quot;<br/>        screen = None<br/>        stacktrace = None<br/>    <br/>        end_time = time.time() + self._timeout<br/>        while True:<br/>            try:<br/>                value = method(self._driver)<br/>                if value:<br/>                    return value<br/>            except self._ignored_exceptions as exc:<br/>                screen = getattr(exc, &#x27;screen&#x27;, None)<br/>                stacktrace = getattr(exc, &#x27;stacktrace&#x27;, None)<br/>            time.sleep(self._poll)<br/>            if time.time() &gt; end_time:<br/>                break<br/>&gt;       raise TimeoutException(message, screen, stacktrace)<br/><span class="error">E       selenium.common.exceptions.TimeoutException: Message:</span><br/><br/>..\..\..\AppData\Local\Packages\PythonSoftwareFoundation.Python.3.9_qbz5n2kfra8p0\LocalCache\local-packages\Python39\site-packages\selenium\webdriver\support\wait.py:80: TimeoutException<br/></div></td></tr></tbody>
      <tbody class="failed results-table-row">
        <tr>
          <td class="col-result">Failed</td>
          <td class="col-name">Tests/test_WebhooksAndActionsPage.py::Test_WebhooksAndActionsPage::test_verify_edit_button_is_working[chrome]</td>
          <td class="col-duration">21.05</td>
          <td class="col-links"></td></tr>
        <tr>
          <td class="extra" colspan="4">
            <div class="log">self = &lt;Tests.test_WebhooksAndActionsPage.Test_WebhooksAndActionsPage object at 0x0000017935533E50&gt;<br/><br/>    def test_verify_edit_button_is_working(self):<br/>        self.loginPage = LoginPage(self.driver)<br/>        self.homePage = self.loginPage.do_login(TestDataFromExcel.USERNAME, TestDataFromExcel.readPassword(self))<br/>        self.webHooks = self.homePage.click_leftMenu_Webhooks_and_Actions()<br/>        assert self.webHooks.check_Page_Header_display() == True<br/>        self.editIcon = WebhooksAndActions(self.driver)<br/>        time.sleep(3)<br/>&gt;       self.editIcon.click_On_Edit_Icon() # edit icon  is not clicking<br/><br/>Tests\test_WebhooksAndActionsPage.py:150: <br/>_ _ _ _ _ _ _ _ _ _ _ _ _ _ _ _ _ _ _ _ _ _ _ _ _ _ _ _ _ _ _ _ _ _ _ _ _ _ _ _ <br/>Pages\WebhooksAndActions.py:113: in click_On_Edit_Icon<br/>    self.do_click(self.Webhooks_Edit_Icon)<br/>Pages\BasePage.py:24: in do_click<br/>    WebDriverWait(self.driver, 10).until(EC.element_to_be_clickable(by_locator)).click()<br/>_ _ _ _ _ _ _ _ _ _ _ _ _ _ _ _ _ _ _ _ _ _ _ _ _ _ _ _ _ _ _ _ _ _ _ _ _ _ _ _ <br/><br/>self = &lt;selenium.webdriver.support.wait.WebDriverWait (session=&quot;2b3907a0902294ca82ffa750cb82dc5e&quot;)&gt;<br/>method = &lt;selenium.webdriver.support.expected_conditions.element_to_be_clickable object at 0x0000017935670400&gt;<br/>message = &#x27;&#x27;<br/><br/>    def until(self, method, message=&#x27;&#x27;):<br/>        &quot;&quot;&quot;Calls the method provided with the driver as an argument until the \<br/>        return value is not False.&quot;&quot;&quot;<br/>        screen = None<br/>        stacktrace = None<br/>    <br/>        end_time = time.time() + self._timeout<br/>        while True:<br/>            try:<br/>                value = method(self._driver)<br/>                if value:<br/>                    return value<br/>            except self._ignored_exceptions as exc:<br/>                screen = getattr(exc, &#x27;screen&#x27;, None)<br/>                stacktrace = getattr(exc, &#x27;stacktrace&#x27;, None)<br/>            time.sleep(self._poll)<br/>            if time.time() &gt; end_time:<br/>                break<br/>&gt;       raise TimeoutException(message, screen, stacktrace)<br/><span class="error">E       selenium.common.exceptions.TimeoutException: Message:</span><br/><br/>..\..\..\AppData\Local\Packages\PythonSoftwareFoundation.Python.3.9_qbz5n2kfra8p0\LocalCache\local-packages\Python39\site-packages\selenium\webdriver\support\wait.py:80: TimeoutException<br/></div></td></tr></tbody>
      <tbody class="failed results-table-row">
        <tr>
          <td class="col-result">Failed</td>
          <td class="col-name">Tests/test_WebhooksAndActionsPage.py::Test_WebhooksAndActionsPage::test_verify_delete_button_is_working[chrome]</td>
          <td class="col-duration">20.51</td>
          <td class="col-links"></td></tr>
        <tr>
          <td class="extra" colspan="4">
            <div class="log">self = &lt;Tests.test_WebhooksAndActionsPage.Test_WebhooksAndActionsPage object at 0x0000017935603D60&gt;<br/><br/>    def test_verify_delete_button_is_working(self):<br/>        self.loginPage = LoginPage(self.driver)<br/>        self.homePage = self.loginPage.do_login(TestDataFromExcel.USERNAME, TestDataFromExcel.readPassword(self))<br/>        self.webHooks = self.homePage.click_leftMenu_Webhooks_and_Actions()<br/>        assert self.webHooks.check_Page_Header_display() == True<br/>        self.deleteIcon = WebhooksAndActions(self.driver)<br/>        time.sleep(3)<br/>&gt;       self.deleteIcon.click_On_Delete_Icon() # delete icon is not clicking<br/><br/>Tests\test_WebhooksAndActionsPage.py:168: <br/>_ _ _ _ _ _ _ _ _ _ _ _ _ _ _ _ _ _ _ _ _ _ _ _ _ _ _ _ _ _ _ _ _ _ _ _ _ _ _ _ <br/>Pages\WebhooksAndActions.py:126: in click_On_Delete_Icon<br/>    self.do_click(self.Webhooks_Delete_Icon)<br/>Pages\BasePage.py:24: in do_click<br/>    WebDriverWait(self.driver, 10).until(EC.element_to_be_clickable(by_locator)).click()<br/>_ _ _ _ _ _ _ _ _ _ _ _ _ _ _ _ _ _ _ _ _ _ _ _ _ _ _ _ _ _ _ _ _ _ _ _ _ _ _ _ <br/><br/>self = &lt;selenium.webdriver.support.wait.WebDriverWait (session=&quot;2b3907a0902294ca82ffa750cb82dc5e&quot;)&gt;<br/>method = &lt;selenium.webdriver.support.expected_conditions.element_to_be_clickable object at 0x0000017935603A90&gt;<br/>message = &#x27;&#x27;<br/><br/>    def until(self, method, message=&#x27;&#x27;):<br/>        &quot;&quot;&quot;Calls the method provided with the driver as an argument until the \<br/>        return value is not False.&quot;&quot;&quot;<br/>        screen = None<br/>        stacktrace = None<br/>    <br/>        end_time = time.time() + self._timeout<br/>        while True:<br/>            try:<br/>                value = method(self._driver)<br/>                if value:<br/>                    return value<br/>            except self._ignored_exceptions as exc:<br/>                screen = getattr(exc, &#x27;screen&#x27;, None)<br/>                stacktrace = getattr(exc, &#x27;stacktrace&#x27;, None)<br/>            time.sleep(self._poll)<br/>            if time.time() &gt; end_time:<br/>                break<br/>&gt;       raise TimeoutException(message, screen, stacktrace)<br/><span class="error">E       selenium.common.exceptions.TimeoutException: Message:</span><br/><br/>..\..\..\AppData\Local\Packages\PythonSoftwareFoundation.Python.3.9_qbz5n2kfra8p0\LocalCache\local-packages\Python39\site-packages\selenium\webdriver\support\wait.py:80: TimeoutException<br/></div></td></tr></tbody>
      <tbody class="failed results-table-row">
        <tr>
          <td class="col-result">Failed</td>
          <td class="col-name">Tests/test_WebhooksAndActionsPage.py::Test_WebhooksAndActionsPage::test_verify_drop_down_method_add[chrome]</td>
          <td class="col-duration">22.26</td>
          <td class="col-links"></td></tr>
        <tr>
          <td class="extra" colspan="4">
            <div class="log">self = &lt;Tests.test_WebhooksAndActionsPage.Test_WebhooksAndActionsPage object at 0x0000017935481910&gt;<br/><br/>    def test_verify_drop_down_method_add(self):<br/>        self.loginPage = LoginPage(self.driver)<br/>        self.homePage = self.loginPage.do_login(TestDataFromExcel.USERNAME, TestDataFromExcel.readPassword(self))<br/>        self.webHooks = self.homePage.click_leftMenu_Webhooks_and_Actions()<br/>        assert self.webHooks.check_Page_Header_display() == True<br/>        self.addHook = self.webHooks.click_On_WebHook_Btn()<br/>        assert self.addHook.check_Page_AddHook_display() == True<br/>        num = random.randint(0, 999)<br/>        string_value = str(num)<br/>        text = &quot;test {}&quot;<br/>        self.addHook.enter_name(text.format(string_value))<br/>        self.addHook.enter_url(&quot;www.demotest.com&quot;)<br/>        self.addHook.enter_parameters(&quot;Hooks_parameters&quot;)<br/>        self.addHook.enter_API(&quot;key&quot;)<br/>        self.addHook.enter_API_Secret(&quot;demoKey&quot;)<br/>        self.addHook.select_Method()<br/>        self.addHook.click_On_Save_Btn()<br/>        time.sleep(3)<br/>&gt;       self.addHook.click_On_Edit_Icon() # edit icon not clicking<br/><br/>Tests\test_WebhooksAndActionsPage.py:206: <br/>_ _ _ _ _ _ _ _ _ _ _ _ _ _ _ _ _ _ _ _ _ _ _ _ _ _ _ _ _ _ _ _ _ _ _ _ _ _ _ _ <br/>Pages\WebhooksAndActions.py:113: in click_On_Edit_Icon<br/>    self.do_click(self.Webhooks_Edit_Icon)<br/>Pages\BasePage.py:24: in do_click<br/>    WebDriverWait(self.driver, 10).until(EC.element_to_be_clickable(by_locator)).click()<br/>_ _ _ _ _ _ _ _ _ _ _ _ _ _ _ _ _ _ _ _ _ _ _ _ _ _ _ _ _ _ _ _ _ _ _ _ _ _ _ _ <br/><br/>self = &lt;selenium.webdriver.support.wait.WebDriverWait (session=&quot;2b3907a0902294ca82ffa750cb82dc5e&quot;)&gt;<br/>method = &lt;selenium.webdriver.support.expected_conditions.element_to_be_clickable object at 0x00000179355F2D90&gt;<br/>message = &#x27;&#x27;<br/><br/>    def until(self, method, message=&#x27;&#x27;):<br/>        &quot;&quot;&quot;Calls the method provided with the driver as an argument until the \<br/>        return value is not False.&quot;&quot;&quot;<br/>        screen = None<br/>        stacktrace = None<br/>    <br/>        end_time = time.time() + self._timeout<br/>        while True:<br/>            try:<br/>                value = method(self._driver)<br/>                if value:<br/>                    return value<br/>            except self._ignored_exceptions as exc:<br/>                screen = getattr(exc, &#x27;screen&#x27;, None)<br/>                stacktrace = getattr(exc, &#x27;stacktrace&#x27;, None)<br/>            time.sleep(self._poll)<br/>            if time.time() &gt; end_time:<br/>                break<br/>&gt;       raise TimeoutException(message, screen, stacktrace)<br/><span class="error">E       selenium.common.exceptions.TimeoutException: Message:</span><br/><br/>..\..\..\AppData\Local\Packages\PythonSoftwareFoundation.Python.3.9_qbz5n2kfra8p0\LocalCache\local-packages\Python39\site-packages\selenium\webdriver\support\wait.py:80: TimeoutException<br/></div></td></tr></tbody>
      <tbody class="failed results-table-row">
        <tr>
          <td class="col-result">Failed</td>
          <td class="col-name">Tests/test_WebhooksAndActionsPage.py::Test_WebhooksAndActionsPage::test_verify_create_an_action[chrome]</td>
          <td class="col-duration">0.06</td>
          <td class="col-links"></td></tr>
        <tr>
          <td class="extra" colspan="4">
            <div class="log">self = &lt;Tests.test_WebhooksAndActionsPage.Test_WebhooksAndActionsPage object at 0x00000179355B1A30&gt;<br/><br/>    def test_verify_create_an_action(self):<br/>&gt;       self.loginPage = LoginPage(self.driver)<br/><br/>Tests\test_WebhooksAndActionsPage.py:224: <br/>_ _ _ _ _ _ _ _ _ _ _ _ _ _ _ _ _ _ _ _ _ _ _ _ _ _ _ _ _ _ _ _ _ _ _ _ _ _ _ _ <br/>Pages\LoginPage.py:31: in __init__<br/>    self.driver.get(ConfigData.BASE_URL)<br/>..\..\..\AppData\Local\Packages\PythonSoftwareFoundation.Python.3.9_qbz5n2kfra8p0\LocalCache\local-packages\Python39\site-packages\selenium\webdriver\remote\webdriver.py:333: in get<br/>    self.execute(Command.GET, {&#x27;url&#x27;: url})<br/>..\..\..\AppData\Local\Packages\PythonSoftwareFoundation.Python.3.9_qbz5n2kfra8p0\LocalCache\local-packages\Python39\site-packages\selenium\webdriver\remote\webdriver.py:321: in execute<br/>    self.error_handler.check_response(response)<br/>_ _ _ _ _ _ _ _ _ _ _ _ _ _ _ _ _ _ _ _ _ _ _ _ _ _ _ _ _ _ _ _ _ _ _ _ _ _ _ _ <br/><br/>self = &lt;selenium.webdriver.remote.errorhandler.ErrorHandler object at 0x00000179355647F0&gt;<br/>response = {&#x27;status&#x27;: 500, &#x27;value&#x27;: &#x27;{&quot;value&quot;:{&quot;data&quot;:{&quot;text&quot;:&quot;This action name is already exist.&quot;},&quot;error&quot;:&quot;unexpected alert ope...\n\\tRtlGetAppContainerNamedObjectPath [0x77C97A7E+286]\\n\\tRtlGetAppContainerNamedObjectPath [0x77C97A4E+238]\\n&quot;}}&#x27;}<br/><br/>    def check_response(self, response):<br/>        &quot;&quot;&quot;<br/>        Checks that a JSON response from the WebDriver does not have an error.<br/>    <br/>        :Args:<br/>         - response - The JSON response from the WebDriver server as a dictionary<br/>           object.<br/>    <br/>        :Raises: If the response contains an error message.<br/>        &quot;&quot;&quot;<br/>        status = response.get(&#x27;status&#x27;, None)<br/>        if status is None or status == ErrorCode.SUCCESS:<br/>            return<br/>        value = None<br/>        message = response.get(&quot;message&quot;, &quot;&quot;)<br/>        screen = response.get(&quot;screen&quot;, &quot;&quot;)<br/>        stacktrace = None<br/>        if isinstance(status, int):<br/>            value_json = response.get(&#x27;value&#x27;, None)<br/>            if value_json and isinstance(value_json, basestring):<br/>                import json<br/>                try:<br/>                    value = json.loads(value_json)<br/>                    if len(value.keys()) == 1:<br/>                        value = value[&#x27;value&#x27;]<br/>                    status = value.get(&#x27;error&#x27;, None)<br/>                    if status is None:<br/>                        status = value[&quot;status&quot;]<br/>                        message = value[&quot;value&quot;]<br/>                        if not isinstance(message, basestring):<br/>                            value = message<br/>                            message = message.get(&#x27;message&#x27;)<br/>                    else:<br/>                        message = value.get(&#x27;message&#x27;, None)<br/>                except ValueError:<br/>                    pass<br/>    <br/>        exception_class = ErrorInResponseException<br/>        if status in ErrorCode.NO_SUCH_ELEMENT:<br/>            exception_class = NoSuchElementException<br/>        elif status in ErrorCode.NO_SUCH_FRAME:<br/>            exception_class = NoSuchFrameException<br/>        elif status in ErrorCode.NO_SUCH_WINDOW:<br/>            exception_class = NoSuchWindowException<br/>        elif status in ErrorCode.STALE_ELEMENT_REFERENCE:<br/>            exception_class = StaleElementReferenceException<br/>        elif status in ErrorCode.ELEMENT_NOT_VISIBLE:<br/>            exception_class = ElementNotVisibleException<br/>        elif status in ErrorCode.INVALID_ELEMENT_STATE:<br/>            exception_class = InvalidElementStateException<br/>        elif status in ErrorCode.INVALID_SELECTOR \<br/>                or status in ErrorCode.INVALID_XPATH_SELECTOR \<br/>                or status in ErrorCode.INVALID_XPATH_SELECTOR_RETURN_TYPER:<br/>            exception_class = InvalidSelectorException<br/>        elif status in ErrorCode.ELEMENT_IS_NOT_SELECTABLE:<br/>            exception_class = ElementNotSelectableException<br/>        elif status in ErrorCode.ELEMENT_NOT_INTERACTABLE:<br/>            exception_class = ElementNotInteractableException<br/>        elif status in ErrorCode.INVALID_COOKIE_DOMAIN:<br/>            exception_class = InvalidCookieDomainException<br/>        elif status in ErrorCode.UNABLE_TO_SET_COOKIE:<br/>            exception_class = UnableToSetCookieException<br/>        elif status in ErrorCode.TIMEOUT:<br/>            exception_class = TimeoutException<br/>        elif status in ErrorCode.SCRIPT_TIMEOUT:<br/>            exception_class = TimeoutException<br/>        elif status in ErrorCode.UNKNOWN_ERROR:<br/>            exception_class = WebDriverException<br/>        elif status in ErrorCode.UNEXPECTED_ALERT_OPEN:<br/>            exception_class = UnexpectedAlertPresentException<br/>        elif status in ErrorCode.NO_ALERT_OPEN:<br/>            exception_class = NoAlertPresentException<br/>        elif status in ErrorCode.IME_NOT_AVAILABLE:<br/>            exception_class = ImeNotAvailableException<br/>        elif status in ErrorCode.IME_ENGINE_ACTIVATION_FAILED:<br/>            exception_class = ImeActivationFailedException<br/>        elif status in ErrorCode.MOVE_TARGET_OUT_OF_BOUNDS:<br/>            exception_class = MoveTargetOutOfBoundsException<br/>        elif status in ErrorCode.JAVASCRIPT_ERROR:<br/>            exception_class = JavascriptException<br/>        elif status in ErrorCode.SESSION_NOT_CREATED:<br/>            exception_class = SessionNotCreatedException<br/>        elif status in ErrorCode.INVALID_ARGUMENT:<br/>            exception_class = InvalidArgumentException<br/>        elif status in ErrorCode.NO_SUCH_COOKIE:<br/>            exception_class = NoSuchCookieException<br/>        elif status in ErrorCode.UNABLE_TO_CAPTURE_SCREEN:<br/>            exception_class = ScreenshotException<br/>        elif status in ErrorCode.ELEMENT_CLICK_INTERCEPTED:<br/>            exception_class = ElementClickInterceptedException<br/>        elif status in ErrorCode.INSECURE_CERTIFICATE:<br/>            exception_class = InsecureCertificateException<br/>        elif status in ErrorCode.INVALID_COORDINATES:<br/>            exception_class = InvalidCoordinatesException<br/>        elif status in ErrorCode.INVALID_SESSION_ID:<br/>            exception_class = InvalidSessionIdException<br/>        elif status in ErrorCode.UNKNOWN_METHOD:<br/>            exception_class = UnknownMethodException<br/>        else:<br/>            exception_class = WebDriverException<br/>        if value == &#x27;&#x27; or value is None:<br/>            value = response[&#x27;value&#x27;]<br/>        if isinstance(value, basestring):<br/>            if exception_class == ErrorInResponseException:<br/>                raise exception_class(response, value)<br/>            raise exception_class(value)<br/>        if message == &quot;&quot; and &#x27;message&#x27; in value:<br/>            message = value[&#x27;message&#x27;]<br/>    <br/>        screen = None<br/>        if &#x27;screen&#x27; in value:<br/>            screen = value[&#x27;screen&#x27;]<br/>    <br/>        stacktrace = None<br/>        if &#x27;stackTrace&#x27; in value and value[&#x27;stackTrace&#x27;]:<br/>            stacktrace = []<br/>            try:<br/>                for frame in value[&#x27;stackTrace&#x27;]:<br/>                    line = self._value_or_default(frame, &#x27;lineNumber&#x27;, &#x27;&#x27;)<br/>                    file = self._value_or_default(frame, &#x27;fileName&#x27;, &#x27;&lt;anonymous&gt;&#x27;)<br/>                    if line:<br/>                        file = &quot;%s:%s&quot; % (file, line)<br/>                    meth = self._value_or_default(frame, &#x27;methodName&#x27;, &#x27;&lt;anonymous&gt;&#x27;)<br/>                    if &#x27;className&#x27; in frame:<br/>                        meth = &quot;%s.%s&quot; % (frame[&#x27;className&#x27;], meth)<br/>                    msg = &quot;    at %s (%s)&quot;<br/>                    msg = msg % (meth, file)<br/>                    stacktrace.append(msg)<br/>            except TypeError:<br/>                pass<br/>        if exception_class == ErrorInResponseException:<br/>            raise exception_class(response, message)<br/>        elif exception_class == UnexpectedAlertPresentException:<br/>            alert_text = None<br/>            if &#x27;data&#x27; in value:<br/>                alert_text = value[&#x27;data&#x27;].get(&#x27;text&#x27;)<br/>            elif &#x27;alert&#x27; in value:<br/>                alert_text = value[&#x27;alert&#x27;].get(&#x27;text&#x27;)<br/>&gt;           raise exception_class(message, screen, stacktrace, alert_text)<br/><span class="error">E           selenium.common.exceptions.UnexpectedAlertPresentException: Alert Text: This action name is already exist.</span><br/><span class="error">E           Message: unexpected alert open: {Alert text : This action name is already exist.}</span><br/><span class="error">E             (Session info: chrome=93.0.4577.82)</span><br/><br/>..\..\..\AppData\Local\Packages\PythonSoftwareFoundation.Python.3.9_qbz5n2kfra8p0\LocalCache\local-packages\Python39\site-packages\selenium\webdriver\remote\errorhandler.py:241: UnexpectedAlertPresentException<br/></div></td></tr></tbody>
      <tbody class="failed results-table-row">
        <tr>
          <td class="col-result">Failed</td>
          <td class="col-name">Tests/test_WebhooksAndActionsPage.py::Test_WebhooksAndActionsPage::test_verify_delete_Icon_is_Working[chrome]</td>
          <td class="col-duration">22.84</td>
          <td class="col-links"></td></tr>
        <tr>
          <td class="extra" colspan="4">
            <div class="log">self = &lt;Tests.test_WebhooksAndActionsPage.Test_WebhooksAndActionsPage object at 0x000001793547EB50&gt;<br/><br/>    def test_verify_delete_Icon_is_Working(self):<br/>        self.loginPage = LoginPage(self.driver)<br/>        self.homePage = self.loginPage.do_login(TestDataFromExcel.USERNAME, TestDataFromExcel.readPassword(self))<br/>        self.webHooks = self.homePage.click_leftMenu_Webhooks_and_Actions()<br/>        assert self.webHooks.check_Page_Header_display() == True<br/>        self.add_Action = WebhooksAndActions(self.driver)<br/>        time.sleep(3)<br/>&gt;       self.add_Action.click_On_Delete_Icon_Action()<br/><br/>Tests\test_WebhooksAndActionsPage.py:423: <br/>_ _ _ _ _ _ _ _ _ _ _ _ _ _ _ _ _ _ _ _ _ _ _ _ _ _ _ _ _ _ _ _ _ _ _ _ _ _ _ _ <br/>Pages\WebhooksAndActions.py:204: in click_On_Delete_Icon_Action<br/>    self.do_click(self.Action_Delete_Icon)<br/>Pages\BasePage.py:24: in do_click<br/>    WebDriverWait(self.driver, 10).until(EC.element_to_be_clickable(by_locator)).click()<br/>_ _ _ _ _ _ _ _ _ _ _ _ _ _ _ _ _ _ _ _ _ _ _ _ _ _ _ _ _ _ _ _ _ _ _ _ _ _ _ _ <br/><br/>self = &lt;selenium.webdriver.support.wait.WebDriverWait (session=&quot;2b3907a0902294ca82ffa750cb82dc5e&quot;)&gt;<br/>method = &lt;selenium.webdriver.support.expected_conditions.element_to_be_clickable object at 0x000001793554BB20&gt;<br/>message = &#x27;&#x27;<br/><br/>    def until(self, method, message=&#x27;&#x27;):<br/>        &quot;&quot;&quot;Calls the method provided with the driver as an argument until the \<br/>        return value is not False.&quot;&quot;&quot;<br/>        screen = None<br/>        stacktrace = None<br/>    <br/>        end_time = time.time() + self._timeout<br/>        while True:<br/>            try:<br/>                value = method(self._driver)<br/>                if value:<br/>                    return value<br/>            except self._ignored_exceptions as exc:<br/>                screen = getattr(exc, &#x27;screen&#x27;, None)<br/>                stacktrace = getattr(exc, &#x27;stacktrace&#x27;, None)<br/>            time.sleep(self._poll)<br/>            if time.time() &gt; end_time:<br/>                break<br/>&gt;       raise TimeoutException(message, screen, stacktrace)<br/><span class="error">E       selenium.common.exceptions.TimeoutException: Message:</span><br/><br/>..\..\..\AppData\Local\Packages\PythonSoftwareFoundation.Python.3.9_qbz5n2kfra8p0\LocalCache\local-packages\Python39\site-packages\selenium\webdriver\support\wait.py:80: TimeoutException<br/></div></td></tr></tbody>
      <tbody class="passed results-table-row">
        <tr>
          <td class="col-result">Passed</td>
          <td class="col-name">Tests/test_BotSettingsPage.py::Test_BotSettingsPage::test_bot_setting_page_display[chrome]</td>
          <td class="col-duration">10.58</td>
          <td class="col-links"></td></tr>
        <tr>
          <td class="extra" colspan="4">
            <div class="log"> -----------------------------Captured stderr setup------------------------------ <br/>

====== WebDriver manager ======
Current google-chrome version is 93.0.4577
Get LATEST driver version for 93.0.4577
Driver [C:\Users\STELCO\.wdm\drivers\chromedriver\win32\93.0.4577.63\chromedriver.exe] found in cache
<br/> -------------------------------Captured log setup------------------------------- <br/>INFO     WDM:logger.py:22 

INFO     WDM:logger.py:12 ====== WebDriver manager ======
INFO     WDM:logger.py:12 Current google-chrome version is 93.0.4577
INFO     WDM:logger.py:12 Get LATEST driver version for 93.0.4577
INFO     WDM:logger.py:12 Driver [C:\Users\STELCO\.wdm\drivers\chromedriver\win32\93.0.4577.63\chromedriver.exe] found in cache<br/></div></td></tr></tbody>
      <tbody class="passed results-table-row">
        <tr>
          <td class="col-result">Passed</td>
          <td class="col-name">Tests/test_BotSettingsPage.py::Test_BotSettingsPage::test_elements_design_tab[chrome]</td>
          <td class="col-duration">7.83</td>
          <td class="col-links"></td></tr>
        <tr>
          <td class="extra" colspan="4">
            <div class="empty log">No log output captured.</div></td></tr></tbody>
      <tbody class="passed results-table-row">
        <tr>
          <td class="col-result">Passed</td>
          <td class="col-name">Tests/test_BotSettingsPage.py::Test_BotSettingsPage::test_changeColor_dropdown_displayed[chrome]</td>
          <td class="col-duration">7.67</td>
          <td class="col-links"></td></tr>
        <tr>
          <td class="extra" colspan="4">
            <div class="empty log">No log output captured.</div></td></tr></tbody>
      <tbody class="passed results-table-row">
        <tr>
          <td class="col-result">Passed</td>
          <td class="col-name">Tests/test_BotSettingsPage.py::Test_BotSettingsPage::test_color_picker_functionality[chrome]</td>
          <td class="col-duration">8.07</td>
          <td class="col-links"></td></tr>
        <tr>
          <td class="extra" colspan="4">
            <div class="empty log">No log output captured.</div></td></tr></tbody>
      <tbody class="passed results-table-row">
        <tr>
          <td class="col-result">Passed</td>
          <td class="col-name">Tests/test_BotSettingsPage.py::Test_BotSettingsPage::test_head_background_color_functionality[chrome]</td>
          <td class="col-duration">16.70</td>
          <td class="col-links"></td></tr>
        <tr>
          <td class="extra" colspan="4">
            <div class="empty log">No log output captured.</div></td></tr></tbody>
      <tbody class="passed results-table-row">
        <tr>
          <td class="col-result">Passed</td>
          <td class="col-name">Tests/test_BotSettingsPage.py::Test_BotSettingsPage::test_head_text_color_functionality[chrome]</td>
          <td class="col-duration">15.45</td>
          <td class="col-links"></td></tr>
        <tr>
          <td class="extra" colspan="4">
            <div class="empty log">No log output captured.</div></td></tr></tbody>
      <tbody class="passed results-table-row">
        <tr>
          <td class="col-result">Passed</td>
          <td class="col-name">Tests/test_BotSettingsPage.py::Test_BotSettingsPage::test_close_button_color_functionality[chrome]</td>
          <td class="col-duration">12.69</td>
          <td class="col-links"></td></tr>
        <tr>
          <td class="extra" colspan="4">
            <div class="empty log">No log output captured.</div></td></tr></tbody>
      <tbody class="passed results-table-row">
        <tr>
          <td class="col-result">Passed</td>
          <td class="col-name">Tests/test_BotSettingsPage.py::Test_BotSettingsPage::test_chat_bot_speech_color_functionality[chrome]</td>
          <td class="col-duration">15.96</td>
          <td class="col-links"></td></tr>
        <tr>
          <td class="extra" colspan="4">
            <div class="empty log">No log output captured.</div></td></tr></tbody>
      <tbody class="passed results-table-row">
        <tr>
          <td class="col-result">Passed</td>
          <td class="col-name">Tests/test_BotSettingsPage.py::Test_BotSettingsPage::test_chat_bot_text_color_functionality[chrome]</td>
          <td class="col-duration">16.92</td>
          <td class="col-links"></td></tr>
        <tr>
          <td class="extra" colspan="4">
            <div class="empty log">No log output captured.</div></td></tr></tbody>
      <tbody class="passed results-table-row">
        <tr>
          <td class="col-result">Passed</td>
          <td class="col-name">Tests/test_BotSettingsPage.py::Test_BotSettingsPage::test_chatbot_user_speech_bubble_color_functionality[chrome]</td>
          <td class="col-duration">19.33</td>
          <td class="col-links"></td></tr>
        <tr>
          <td class="extra" colspan="4">
            <div class="empty log">No log output captured.</div></td></tr></tbody>
      <tbody class="passed results-table-row">
        <tr>
          <td class="col-result">Passed</td>
          <td class="col-name">Tests/test_BotSettingsPage.py::Test_BotSettingsPage::test_chatbot_user_text_color_functionality[chrome]</td>
          <td class="col-duration">18.18</td>
          <td class="col-links"></td></tr>
        <tr>
          <td class="extra" colspan="4">
            <div class="empty log">No log output captured.</div></td></tr></tbody>
      <tbody class="passed results-table-row">
        <tr>
          <td class="col-result">Passed</td>
          <td class="col-name">Tests/test_BotSettingsPage.py::Test_BotSettingsPage::test_chatbot_border_color_functionality[chrome]</td>
          <td class="col-duration">12.14</td>
          <td class="col-links"></td></tr>
        <tr>
          <td class="extra" colspan="4">
            <div class="empty log">No log output captured.</div></td></tr></tbody>
      <tbody class="passed results-table-row">
        <tr>
          <td class="col-result">Passed</td>
          <td class="col-name">Tests/test_BotSettingsPage.py::Test_BotSettingsPage::test_chatbot_window_color_functionality[chrome]</td>
          <td class="col-duration">17.54</td>
          <td class="col-links"></td></tr>
        <tr>
          <td class="extra" colspan="4">
            <div class="empty log">No log output captured.</div></td></tr></tbody>
      <tbody class="passed results-table-row">
        <tr>
          <td class="col-result">Passed</td>
          <td class="col-name">Tests/test_BotSettingsPage.py::Test_BotSettingsPage::test_chatbot_send_btn_color_functionality[chrome]</td>
          <td class="col-duration">17.34</td>
          <td class="col-links"></td></tr>
        <tr>
          <td class="extra" colspan="4">
            <div class="empty log">No log output captured.</div></td></tr></tbody>
      <tbody class="passed results-table-row">
        <tr>
          <td class="col-result">Passed</td>
          <td class="col-name">Tests/test_BotSettingsPage.py::Test_BotSettingsPage::test_integration_Options_display[chrome]</td>
          <td class="col-duration">8.46</td>
          <td class="col-links"></td></tr>
        <tr>
          <td class="extra" colspan="4">
            <div class="empty log">No log output captured.</div></td></tr></tbody>
      <tbody class="passed results-table-row">
        <tr>
          <td class="col-result">Passed</td>
          <td class="col-name">Tests/test_BotSettingsPage.py::Test_BotSettingsPage::test_online_status_on_chatbot[chrome]</td>
          <td class="col-duration">15.79</td>
          <td class="col-links"></td></tr>
        <tr>
          <td class="extra" colspan="4">
            <div class="empty log">No log output captured.</div></td></tr></tbody>
      <tbody class="passed results-table-row">
        <tr>
          <td class="col-result">Passed</td>
          <td class="col-name">Tests/test_BotSettingsPage.py::Test_BotSettingsPage::test_bot_Setting_click[chrome]</td>
          <td class="col-duration">6.85</td>
          <td class="col-links"></td></tr>
        <tr>
          <td class="extra" colspan="4">
            <div class="empty log">No log output captured.</div></td></tr></tbody>
      <tbody class="passed results-table-row">
        <tr>
          <td class="col-result">Passed</td>
          <td class="col-name">Tests/test_ChangePasswordPage.py::Test_ChangePasswordPage::test_changePwdButton_functionality[chrome]</td>
          <td class="col-duration">9.17</td>
          <td class="col-links"></td></tr>
        <tr>
          <td class="extra" colspan="4">
            <div class="log"> -----------------------------Captured stderr setup------------------------------ <br/>

====== WebDriver manager ======
Current google-chrome version is 93.0.4577
Get LATEST driver version for 93.0.4577
Driver [C:\Users\STELCO\.wdm\drivers\chromedriver\win32\93.0.4577.63\chromedriver.exe] found in cache
<br/> -------------------------------Captured log setup------------------------------- <br/>INFO     WDM:logger.py:12 

INFO     WDM:logger.py:12 ====== WebDriver manager ======
INFO     WDM:logger.py:12 Current google-chrome version is 93.0.4577
INFO     WDM:logger.py:12 Get LATEST driver version for 93.0.4577
INFO     WDM:logger.py:12 Driver [C:\Users\STELCO\.wdm\drivers\chromedriver\win32\93.0.4577.63\chromedriver.exe] found in cache<br/></div></td></tr></tbody>
      <tbody class="passed results-table-row">
        <tr>
          <td class="col-result">Passed</td>
          <td class="col-name">Tests/test_ChangePasswordPage.py::Test_ChangePasswordPage::test_newPassword_validations[chrome]</td>
          <td class="col-duration">68.91</td>
          <td class="col-links"></td></tr>
        <tr>
          <td class="extra" colspan="4">
            <div class="empty log">No log output captured.</div></td></tr></tbody>
      <tbody class="passed results-table-row">
        <tr>
          <td class="col-result">Passed</td>
          <td class="col-name">Tests/test_ChangePasswordPage.py::Test_ChangePasswordPage::test_differentPassword_NewAndConfrmPwd[chrome]</td>
          <td class="col-duration">11.82</td>
          <td class="col-links"></td></tr>
        <tr>
          <td class="extra" colspan="4">
            <div class="empty log">No log output captured.</div></td></tr></tbody>
      <tbody class="passed results-table-row">
        <tr>
          <td class="col-result">Passed</td>
          <td class="col-name">Tests/test_CommunicationPage.py::Test_CommunicationPage::test_communicationPage_displayed[chrome]</td>
          <td class="col-duration">10.21</td>
          <td class="col-links"></td></tr>
        <tr>
          <td class="extra" colspan="4">
            <div class="log"> -----------------------------Captured stderr setup------------------------------ <br/>

====== WebDriver manager ======
Current google-chrome version is 93.0.4577
Get LATEST driver version for 93.0.4577
Driver [C:\Users\STELCO\.wdm\drivers\chromedriver\win32\93.0.4577.63\chromedriver.exe] found in cache
<br/> -------------------------------Captured log setup------------------------------- <br/>INFO     WDM:logger.py:12 

INFO     WDM:logger.py:12 ====== WebDriver manager ======
INFO     WDM:logger.py:12 Current google-chrome version is 93.0.4577
INFO     WDM:logger.py:12 Get LATEST driver version for 93.0.4577
INFO     WDM:logger.py:12 Driver [C:\Users\STELCO\.wdm\drivers\chromedriver\win32\93.0.4577.63\chromedriver.exe] found in cache<br/></div></td></tr></tbody>
      <tbody class="passed results-table-row">
        <tr>
          <td class="col-result">Passed</td>
          <td class="col-name">Tests/test_CommunicationPage.py::Test_CommunicationPage::test_download_CSV_Btn[chrome]</td>
          <td class="col-duration">12.33</td>
          <td class="col-links"></td></tr>
        <tr>
          <td class="extra" colspan="4">
            <div class="empty log">No log output captured.</div></td></tr></tbody>
      <tbody class="passed results-table-row">
        <tr>
          <td class="col-result">Passed</td>
          <td class="col-name">Tests/test_CommunicationPage.py::Test_CommunicationPage::test_datePicker[chrome]</td>
          <td class="col-duration">8.29</td>
          <td class="col-links"></td></tr>
        <tr>
          <td class="extra" colspan="4">
            <div class="empty log">No log output captured.</div></td></tr></tbody>
      <tbody class="passed results-table-row">
        <tr>
          <td class="col-result">Passed</td>
          <td class="col-name">Tests/test_CommunicationPage.py::Test_CommunicationPage::test_select_all_CheckBox_btn_functionality[chrome]</td>
          <td class="col-duration">7.56</td>
          <td class="col-links"></td></tr>
        <tr>
          <td class="extra" colspan="4">
            <div class="empty log">No log output captured.</div></td></tr></tbody>
      <tbody class="passed results-table-row">
        <tr>
          <td class="col-result">Passed</td>
          <td class="col-name">Tests/test_CommunicationPage.py::Test_CommunicationPage::test_unselect_all_CheckBox_btn_functionality[chrome]</td>
          <td class="col-duration">7.64</td>
          <td class="col-links"></td></tr>
        <tr>
          <td class="extra" colspan="4">
            <div class="empty log">No log output captured.</div></td></tr></tbody>
      <tbody class="passed results-table-row">
        <tr>
          <td class="col-result">Passed</td>
          <td class="col-name">Tests/test_CommunicationPage.py::Test_CommunicationPage::test_edit_options_displayed[chrome]</td>
          <td class="col-duration">7.22</td>
          <td class="col-links"></td></tr>
        <tr>
          <td class="extra" colspan="4">
            <div class="empty log">No log output captured.</div></td></tr></tbody>
      <tbody class="passed results-table-row">
        <tr>
          <td class="col-result">Passed</td>
          <td class="col-name">Tests/test_CommunicationPage.py::Test_CommunicationPage::test_editdata_functionality[chrome]</td>
          <td class="col-duration">9.91</td>
          <td class="col-links"></td></tr>
        <tr>
          <td class="extra" colspan="4">
            <div class="empty log">No log output captured.</div></td></tr></tbody>
      <tbody class="passed results-table-row">
        <tr>
          <td class="col-result">Passed</td>
          <td class="col-name">Tests/test_CommunicationPage.py::Test_CommunicationPage::test_delete_Btn_functionality[chrome]</td>
          <td class="col-duration">11.16</td>
          <td class="col-links"></td></tr>
        <tr>
          <td class="extra" colspan="4">
            <div class="empty log">No log output captured.</div></td></tr></tbody>
      <tbody class="passed results-table-row">
        <tr>
          <td class="col-result">Passed</td>
          <td class="col-name">Tests/test_CommunicationPage.py::Test_CommunicationPage::test_update_Btn[chrome]</td>
          <td class="col-duration">9.44</td>
          <td class="col-links"></td></tr>
        <tr>
          <td class="extra" colspan="4">
            <div class="empty log">No log output captured.</div></td></tr></tbody>
      <tbody class="passed results-table-row">
        <tr>
          <td class="col-result">Passed</td>
          <td class="col-name">Tests/test_CommunicationPage.py::Test_CommunicationPage::test_cancel_Btn[chrome]</td>
          <td class="col-duration">8.52</td>
          <td class="col-links"></td></tr>
        <tr>
          <td class="extra" colspan="4">
            <div class="empty log">No log output captured.</div></td></tr></tbody>
      <tbody class="passed results-table-row">
        <tr>
          <td class="col-result">Passed</td>
          <td class="col-name">Tests/test_CommunicationPage.py::Test_CommunicationPage::test_view_btn_functionality[chrome]</td>
          <td class="col-duration">7.82</td>
          <td class="col-links"></td></tr>
        <tr>
          <td class="extra" colspan="4">
            <div class="empty log">No log output captured.</div></td></tr></tbody>
      <tbody class="passed results-table-row">
        <tr>
          <td class="col-result">Passed</td>
          <td class="col-name">Tests/test_CommunicationPage.py::Test_CommunicationPage::test_select_status_dropdown_values[chrome]</td>
          <td class="col-duration">19.79</td>
          <td class="col-links"></td></tr>
        <tr>
          <td class="extra" colspan="4">
            <div class="empty log">No log output captured.</div></td></tr></tbody>
      <tbody class="passed results-table-row">
        <tr>
          <td class="col-result">Passed</td>
          <td class="col-name">Tests/test_ConversationalFlowPage.py::Test_ConversationalFlowPage::test_conversational_page_display[chrome]</td>
          <td class="col-duration">8.97</td>
          <td class="col-links"></td></tr>
        <tr>
          <td class="extra" colspan="4">
            <div class="log"> -----------------------------Captured stderr setup------------------------------ <br/>

====== WebDriver manager ======
Current google-chrome version is 93.0.4577
Get LATEST driver version for 93.0.4577
Driver [C:\Users\STELCO\.wdm\drivers\chromedriver\win32\93.0.4577.63\chromedriver.exe] found in cache
<br/> -------------------------------Captured log setup------------------------------- <br/>INFO     WDM:logger.py:12 

INFO     WDM:logger.py:12 ====== WebDriver manager ======
INFO     WDM:logger.py:12 Current google-chrome version is 93.0.4577
INFO     WDM:logger.py:12 Get LATEST driver version for 93.0.4577
INFO     WDM:logger.py:12 Driver [C:\Users\STELCO\.wdm\drivers\chromedriver\win32\93.0.4577.63\chromedriver.exe] found in cache<br/></div></td></tr></tbody>
      <tbody class="passed results-table-row">
        <tr>
          <td class="col-result">Passed</td>
          <td class="col-name">Tests/test_ConversationalFlowPage.py::Test_ConversationalFlowPage::test_create_node_dropdown_display[chrome]</td>
          <td class="col-duration">7.36</td>
          <td class="col-links"></td></tr>
        <tr>
          <td class="extra" colspan="4">
            <div class="empty log">No log output captured.</div></td></tr></tbody>
      <tbody class="passed results-table-row">
        <tr>
          <td class="col-result">Passed</td>
          <td class="col-name">Tests/test_ConversationalFlowPage.py::Test_ConversationalFlowPage::test_load_save_btn_clickable[chrome]</td>
          <td class="col-duration">7.12</td>
          <td class="col-links"></td></tr>
        <tr>
          <td class="extra" colspan="4">
            <div class="empty log">No log output captured.</div></td></tr></tbody>
      <tbody class="passed results-table-row">
        <tr>
          <td class="col-result">Passed</td>
          <td class="col-name">Tests/test_ConversationalFlowPage.py::Test_ConversationalFlowPage::test_JSON_btn_functionality[chrome]</td>
          <td class="col-duration">8.36</td>
          <td class="col-links"></td></tr>
        <tr>
          <td class="extra" colspan="4">
            <div class="empty log">No log output captured.</div></td></tr></tbody>
      <tbody class="passed results-table-row">
        <tr>
          <td class="col-result">Passed</td>
          <td class="col-name">Tests/test_ConversationalFlowPage.py::Test_ConversationalFlowPage::test_delete_btn_functionality[chrome]</td>
          <td class="col-duration">12.19</td>
          <td class="col-links"></td></tr>
        <tr>
          <td class="extra" colspan="4">
            <div class="log"> ------------------------------Captured stdout call------------------------------ <br/>start
Operator 3
<br/></div></td></tr></tbody>
      <tbody class="passed results-table-row">
        <tr>
          <td class="col-result">Passed</td>
          <td class="col-name">Tests/test_CookiesAcceptPage.py::Test_CookiesAcceptPage::test_click_on_accept_button[chrome]</td>
          <td class="col-duration">11.16</td>
          <td class="col-links"></td></tr>
        <tr>
          <td class="extra" colspan="4">
            <div class="log"> -----------------------------Captured stderr setup------------------------------ <br/>

====== WebDriver manager ======
Current google-chrome version is 93.0.4577
Get LATEST driver version for 93.0.4577
Driver [C:\Users\STELCO\.wdm\drivers\chromedriver\win32\93.0.4577.63\chromedriver.exe] found in cache
<br/> -------------------------------Captured log setup------------------------------- <br/>INFO     WDM:logger.py:12 

INFO     WDM:logger.py:12 ====== WebDriver manager ======
INFO     WDM:logger.py:12 Current google-chrome version is 93.0.4577
INFO     WDM:logger.py:12 Get LATEST driver version for 93.0.4577
INFO     WDM:logger.py:12 Driver [C:\Users\STELCO\.wdm\drivers\chromedriver\win32\93.0.4577.63\chromedriver.exe] found in cache<br/></div></td></tr></tbody>
      <tbody class="passed results-table-row">
        <tr>
          <td class="col-result">Passed</td>
          <td class="col-name">Tests/test_CreateIntentPage.py::Test_CreateIntentPage::test_create_intent_page_displayed_correct[chrome]</td>
          <td class="col-duration">9.91</td>
          <td class="col-links"></td></tr>
        <tr>
          <td class="extra" colspan="4">
            <div class="log"> -----------------------------Captured stderr setup------------------------------ <br/>

====== WebDriver manager ======
Current google-chrome version is 93.0.4577
Get LATEST driver version for 93.0.4577
Driver [C:\Users\STELCO\.wdm\drivers\chromedriver\win32\93.0.4577.63\chromedriver.exe] found in cache
<br/> -------------------------------Captured log setup------------------------------- <br/>INFO     WDM:logger.py:12 

INFO     WDM:logger.py:12 ====== WebDriver manager ======
INFO     WDM:logger.py:12 Current google-chrome version is 93.0.4577
INFO     WDM:logger.py:12 Get LATEST driver version for 93.0.4577
INFO     WDM:logger.py:12 Driver [C:\Users\STELCO\.wdm\drivers\chromedriver\win32\93.0.4577.63\chromedriver.exe] found in cache<br/></div></td></tr></tbody>
      <tbody class="passed results-table-row">
        <tr>
          <td class="col-result">Passed</td>
          <td class="col-name">Tests/test_CreateIntentPage.py::Test_CreateIntentPage::test_train_btn_functionality[chrome]</td>
          <td class="col-duration">72.15</td>
          <td class="col-links"></td></tr>
        <tr>
          <td class="extra" colspan="4">
            <div class="empty log">No log output captured.</div></td></tr></tbody>
      <tbody class="passed results-table-row">
        <tr>
          <td class="col-result">Passed</td>
          <td class="col-name">Tests/test_CreateIntentPage.py::Test_CreateIntentPage::test_add_intent_btn_functionality[chrome]</td>
          <td class="col-duration">15.62</td>
          <td class="col-links"></td></tr>
        <tr>
          <td class="extra" colspan="4">
            <div class="empty log">No log output captured.</div></td></tr></tbody>
      <tbody class="passed results-table-row">
        <tr>
          <td class="col-result">Passed</td>
          <td class="col-name">Tests/test_CreateIntentPage.py::Test_CreateIntentPage::test_add_value_functionality[chrome]</td>
          <td class="col-duration">11.47</td>
          <td class="col-links"></td></tr>
        <tr>
          <td class="extra" colspan="4">
            <div class="empty log">No log output captured.</div></td></tr></tbody>
      <tbody class="passed results-table-row">
        <tr>
          <td class="col-result">Passed</td>
          <td class="col-name">Tests/test_CreateIntentPage.py::Test_CreateIntentPage::test_Add_Intent_DiscardBtn_functionality[chrome]</td>
          <td class="col-duration">11.52</td>
          <td class="col-links"></td></tr>
        <tr>
          <td class="extra" colspan="4">
            <div class="empty log">No log output captured.</div></td></tr></tbody>
      <tbody class="passed results-table-row">
        <tr>
          <td class="col-result">Passed</td>
          <td class="col-name">Tests/test_CreateIntentPage.py::Test_CreateIntentPage::test_edit_intent_btn_functionality[chrome]</td>
          <td class="col-duration">11.58</td>
          <td class="col-links"></td></tr>
        <tr>
          <td class="extra" colspan="4">
            <div class="empty log">No log output captured.</div></td></tr></tbody>
      <tbody class="passed results-table-row">
        <tr>
          <td class="col-result">Passed</td>
          <td class="col-name">Tests/test_CreateIntentPage.py::Test_CreateIntentPage::test_active_inactive_btn_functionality[chrome]</td>
          <td class="col-duration">10.90</td>
          <td class="col-links"></td></tr>
        <tr>
          <td class="extra" colspan="4">
            <div class="empty log">No log output captured.</div></td></tr></tbody>
      <tbody class="passed results-table-row">
        <tr>
          <td class="col-result">Passed</td>
          <td class="col-name">Tests/test_CreateIntentPage.py::Test_CreateIntentPage::test_delete_Intent_btn_functionality[chrome]</td>
          <td class="col-duration">11.85</td>
          <td class="col-links"></td></tr>
        <tr>
          <td class="extra" colspan="4">
            <div class="empty log">No log output captured.</div></td></tr></tbody>
      <tbody class="passed results-table-row">
        <tr>
          <td class="col-result">Passed</td>
          <td class="col-name">Tests/test_CreateIntentPage.py::Test_CreateIntentPage::test_check_download_btn[chrome]</td>
          <td class="col-duration">10.30</td>
          <td class="col-links"></td></tr>
        <tr>
          <td class="extra" colspan="4">
            <div class="empty log">No log output captured.</div></td></tr></tbody>
      <tbody class="passed results-table-row">
        <tr>
          <td class="col-result">Passed</td>
          <td class="col-name">Tests/test_CreateIntentPage.py::Test_CreateIntentPage::test_upload_file[chrome]</td>
          <td class="col-duration">37.96</td>
          <td class="col-links"></td></tr>
        <tr>
          <td class="extra" colspan="4">
            <div class="empty log">No log output captured.</div></td></tr></tbody>
      <tbody class="passed results-table-row">
        <tr>
          <td class="col-result">Passed</td>
          <td class="col-name">Tests/test_EditProfilePage.py::Test_EditProfilePage::test_editProfileButton_functionality[chrome]</td>
          <td class="col-duration">10.63</td>
          <td class="col-links"></td></tr>
        <tr>
          <td class="extra" colspan="4">
            <div class="log"> -----------------------------Captured stderr setup------------------------------ <br/>

====== WebDriver manager ======
Current google-chrome version is 93.0.4577
Get LATEST driver version for 93.0.4577
Driver [C:\Users\STELCO\.wdm\drivers\chromedriver\win32\93.0.4577.63\chromedriver.exe] found in cache
<br/> -------------------------------Captured log setup------------------------------- <br/>INFO     WDM:logger.py:12 

INFO     WDM:logger.py:12 ====== WebDriver manager ======
INFO     WDM:logger.py:12 Current google-chrome version is 93.0.4577
INFO     WDM:logger.py:12 Get LATEST driver version for 93.0.4577
INFO     WDM:logger.py:12 Driver [C:\Users\STELCO\.wdm\drivers\chromedriver\win32\93.0.4577.63\chromedriver.exe] found in cache<br/></div></td></tr></tbody>
      <tbody class="passed results-table-row">
        <tr>
          <td class="col-result">Passed</td>
          <td class="col-name">Tests/test_EditProfilePage.py::Test_EditProfilePage::test_EmailId_editable[chrome]</td>
          <td class="col-duration">9.12</td>
          <td class="col-links"></td></tr>
        <tr>
          <td class="extra" colspan="4">
            <div class="empty log">No log output captured.</div></td></tr></tbody>
      <tbody class="passed results-table-row">
        <tr>
          <td class="col-result">Passed</td>
          <td class="col-name">Tests/test_EditProfilePage.py::Test_EditProfilePage::test_companyName_editable[chrome]</td>
          <td class="col-duration">6.58</td>
          <td class="col-links"></td></tr>
        <tr>
          <td class="extra" colspan="4">
            <div class="empty log">No log output captured.</div></td></tr></tbody>
      <tbody class="passed results-table-row">
        <tr>
          <td class="col-result">Passed</td>
          <td class="col-name">Tests/test_EditProfilePage.py::Test_EditProfilePage::test_changeCompanyName[chrome]</td>
          <td class="col-duration">13.12</td>
          <td class="col-links"></td></tr>
        <tr>
          <td class="extra" colspan="4">
            <div class="empty log">No log output captured.</div></td></tr></tbody>
      <tbody class="passed results-table-row">
        <tr>
          <td class="col-result">Passed</td>
          <td class="col-name">Tests/test_EditProfilePage.py::Test_EditProfilePage::test_newCompName_match_editCompName[chrome]</td>
          <td class="col-duration">13.00</td>
          <td class="col-links"></td></tr>
        <tr>
          <td class="extra" colspan="4">
            <div class="empty log">No log output captured.</div></td></tr></tbody>
      <tbody class="passed results-table-row">
        <tr>
          <td class="col-result">Passed</td>
          <td class="col-name">Tests/test_EditProfilePage.py::Test_EditProfilePage::test_upload_profile_picture[chrome]</td>
          <td class="col-duration">9.33</td>
          <td class="col-links"></td></tr>
        <tr>
          <td class="extra" colspan="4">
            <div class="empty log">No log output captured.</div></td></tr></tbody>
      <tbody class="passed results-table-row">
        <tr>
          <td class="col-result">Passed</td>
          <td class="col-name">Tests/test_FallbacksPage.py::Test_FallbacksPage::test_Ignore_Btn_PopUp_Ok_Btn_display[chrome]</td>
          <td class="col-duration">17.64</td>
          <td class="col-links"></td></tr>
        <tr>
          <td class="extra" colspan="4">
            <div class="log"> -----------------------------Captured stderr setup------------------------------ <br/>

====== WebDriver manager ======
Current google-chrome version is 93.0.4577
Get LATEST driver version for 93.0.4577
Driver [C:\Users\STELCO\.wdm\drivers\chromedriver\win32\93.0.4577.63\chromedriver.exe] found in cache
<br/> -------------------------------Captured log setup------------------------------- <br/>INFO     WDM:logger.py:12 

INFO     WDM:logger.py:12 ====== WebDriver manager ======
INFO     WDM:logger.py:12 Current google-chrome version is 93.0.4577
INFO     WDM:logger.py:12 Get LATEST driver version for 93.0.4577
INFO     WDM:logger.py:12 Driver [C:\Users\STELCO\.wdm\drivers\chromedriver\win32\93.0.4577.63\chromedriver.exe] found in cache<br/></div></td></tr></tbody>
      <tbody class="passed results-table-row">
        <tr>
          <td class="col-result">Passed</td>
          <td class="col-name">Tests/test_FallbacksPage.py::Test_FallbacksPage::test_Ignore_btn_functionality[chrome]</td>
          <td class="col-duration">11.38</td>
          <td class="col-links"></td></tr>
        <tr>
          <td class="extra" colspan="4">
            <div class="empty log">No log output captured.</div></td></tr></tbody>
      <tbody class="passed results-table-row">
        <tr>
          <td class="col-result">Passed</td>
          <td class="col-name">Tests/test_FallbacksPage.py::Test_FallbacksPage::test_row_count_update_on_deletion[chrome]</td>
          <td class="col-duration">10.84</td>
          <td class="col-links"></td></tr>
        <tr>
          <td class="extra" colspan="4">
            <div class="empty log">No log output captured.</div></td></tr></tbody>
      <tbody class="passed results-table-row">
        <tr>
          <td class="col-result">Passed</td>
          <td class="col-name">Tests/test_FallbacksPage.py::Test_FallbacksPage::test_SNo_duplicate[chrome]</td>
          <td class="col-duration">6.96</td>
          <td class="col-links"></td></tr>
        <tr>
          <td class="extra" colspan="4">
            <div class="empty log">No log output captured.</div></td></tr></tbody>
      <tbody class="passed results-table-row">
        <tr>
          <td class="col-result">Passed</td>
          <td class="col-name">Tests/test_FallbacksPage.py::Test_FallbacksPage::test_download_CSV_Btn[chrome]</td>
          <td class="col-duration">11.94</td>
          <td class="col-links"></td></tr>
        <tr>
          <td class="extra" colspan="4">
            <div class="empty log">No log output captured.</div></td></tr></tbody>
      <tbody class="passed results-table-row">
        <tr>
          <td class="col-result">Passed</td>
          <td class="col-name">Tests/test_FallbacksPage.py::Test_FallbacksPage::test_element_backgroundcolor_mousehover[chrome]</td>
          <td class="col-duration">8.28</td>
          <td class="col-links"></td></tr>
        <tr>
          <td class="extra" colspan="4">
            <div class="empty log">No log output captured.</div></td></tr></tbody>
      <tbody class="passed results-table-row">
        <tr>
          <td class="col-result">Passed</td>
          <td class="col-name">Tests/test_FallbacksPage.py::Test_FallbacksPage::test_customer_chats_display[chrome]</td>
          <td class="col-duration">7.64</td>
          <td class="col-links"></td></tr>
        <tr>
          <td class="extra" colspan="4">
            <div class="empty log">No log output captured.</div></td></tr></tbody>
      <tbody class="passed results-table-row">
        <tr>
          <td class="col-result">Passed</td>
          <td class="col-name">Tests/test_FallbacksPage.py::Test_FallbacksPage::test_create_intent_popup_display[chrome]</td>
          <td class="col-duration">7.60</td>
          <td class="col-links"></td></tr>
        <tr>
          <td class="extra" colspan="4">
            <div class="empty log">No log output captured.</div></td></tr></tbody>
      <tbody class="passed results-table-row">
        <tr>
          <td class="col-result">Passed</td>
          <td class="col-name">Tests/test_FallbacksPage.py::Test_FallbacksPage::test_select_all_CheckBox_btn_functionality[chrome]</td>
          <td class="col-duration">7.60</td>
          <td class="col-links"></td></tr>
        <tr>
          <td class="extra" colspan="4">
            <div class="empty log">No log output captured.</div></td></tr></tbody>
      <tbody class="passed results-table-row">
        <tr>
          <td class="col-result">Passed</td>
          <td class="col-name">Tests/test_FallbacksPage.py::Test_FallbacksPage::test_unselect_all_CheckBox_btn_functionality[chrome]</td>
          <td class="col-duration">9.90</td>
          <td class="col-links"></td></tr>
        <tr>
          <td class="extra" colspan="4">
            <div class="empty log">No log output captured.</div></td></tr></tbody>
      <tbody class="passed results-table-row">
        <tr>
          <td class="col-result">Passed</td>
          <td class="col-name">Tests/test_ForgotPasswordPage.py::Test_ForgotPasswordPage::test_ForgotPasswordLink_works[chrome]</td>
          <td class="col-duration">7.25</td>
          <td class="col-links"></td></tr>
        <tr>
          <td class="extra" colspan="4">
            <div class="log"> -----------------------------Captured stderr setup------------------------------ <br/>

====== WebDriver manager ======
Current google-chrome version is 93.0.4577
Get LATEST driver version for 93.0.4577
Driver [C:\Users\STELCO\.wdm\drivers\chromedriver\win32\93.0.4577.63\chromedriver.exe] found in cache
<br/> -------------------------------Captured log setup------------------------------- <br/>INFO     WDM:logger.py:12 

INFO     WDM:logger.py:12 ====== WebDriver manager ======
INFO     WDM:logger.py:12 Current google-chrome version is 93.0.4577
INFO     WDM:logger.py:12 Get LATEST driver version for 93.0.4577
INFO     WDM:logger.py:12 Driver [C:\Users\STELCO\.wdm\drivers\chromedriver\win32\93.0.4577.63\chromedriver.exe] found in cache<br/></div></td></tr></tbody>
      <tbody class="passed results-table-row">
        <tr>
          <td class="col-result">Passed</td>
          <td class="col-name">Tests/test_HelpPage.py::Test_HelpPage::test_help_page_display[chrome]</td>
          <td class="col-duration">10.87</td>
          <td class="col-links"></td></tr>
        <tr>
          <td class="extra" colspan="4">
            <div class="log"> -----------------------------Captured stderr setup------------------------------ <br/>

====== WebDriver manager ======
Current google-chrome version is 93.0.4577
Get LATEST driver version for 93.0.4577
Driver [C:\Users\STELCO\.wdm\drivers\chromedriver\win32\93.0.4577.63\chromedriver.exe] found in cache
<br/> -------------------------------Captured log setup------------------------------- <br/>INFO     WDM:logger.py:12 

INFO     WDM:logger.py:12 ====== WebDriver manager ======
INFO     WDM:logger.py:12 Current google-chrome version is 93.0.4577
INFO     WDM:logger.py:12 Get LATEST driver version for 93.0.4577
INFO     WDM:logger.py:12 Driver [C:\Users\STELCO\.wdm\drivers\chromedriver\win32\93.0.4577.63\chromedriver.exe] found in cache<br/></div></td></tr></tbody>
      <tbody class="passed results-table-row">
        <tr>
          <td class="col-result">Passed</td>
          <td class="col-name">Tests/test_HelpPage.py::Test_HelpPage::test_video_is_playing[chrome]</td>
          <td class="col-duration">7.30</td>
          <td class="col-links"></td></tr>
        <tr>
          <td class="extra" colspan="4">
            <div class="empty log">No log output captured.</div></td></tr></tbody>
      <tbody class="passed results-table-row">
        <tr>
          <td class="col-result">Passed</td>
          <td class="col-name">Tests/test_HelpPage.py::Test_HelpPage::test_contact_us_form_alert[chrome]</td>
          <td class="col-duration">11.44</td>
          <td class="col-links"></td></tr>
        <tr>
          <td class="extra" colspan="4">
            <div class="empty log">No log output captured.</div></td></tr></tbody>
      <tbody class="passed results-table-row">
        <tr>
          <td class="col-result">Passed</td>
          <td class="col-name">Tests/test_HomePage.py::Test_HomePage::test_homepage_title[chrome]</td>
          <td class="col-duration">6.91</td>
          <td class="col-links"></td></tr>
        <tr>
          <td class="extra" colspan="4">
            <div class="log"> -----------------------------Captured stderr setup------------------------------ <br/>

====== WebDriver manager ======
Current google-chrome version is 93.0.4577
Get LATEST driver version for 93.0.4577
Driver [C:\Users\STELCO\.wdm\drivers\chromedriver\win32\93.0.4577.63\chromedriver.exe] found in cache
<br/> -------------------------------Captured log setup------------------------------- <br/>INFO     WDM:logger.py:12 

INFO     WDM:logger.py:12 ====== WebDriver manager ======
INFO     WDM:logger.py:12 Current google-chrome version is 93.0.4577
INFO     WDM:logger.py:12 Get LATEST driver version for 93.0.4577
INFO     WDM:logger.py:12 Driver [C:\Users\STELCO\.wdm\drivers\chromedriver\win32\93.0.4577.63\chromedriver.exe] found in cache<br/></div></td></tr></tbody>
      <tbody class="passed results-table-row">
        <tr>
          <td class="col-result">Passed</td>
          <td class="col-name">Tests/test_HomePage.py::Test_HomePage::test_HomePageLogo_visible[chrome]</td>
          <td class="col-duration">7.11</td>
          <td class="col-links"></td></tr>
        <tr>
          <td class="extra" colspan="4">
            <div class="empty log">No log output captured.</div></td></tr></tbody>
      <tbody class="passed results-table-row">
        <tr>
          <td class="col-result">Passed</td>
          <td class="col-name">Tests/test_HomePage.py::Test_HomePage::test_leftMenu_DashboardLink_visible[chrome]</td>
          <td class="col-duration">7.13</td>
          <td class="col-links"></td></tr>
        <tr>
          <td class="extra" colspan="4">
            <div class="empty log">No log output captured.</div></td></tr></tbody>
      <tbody class="passed results-table-row">
        <tr>
          <td class="col-result">Passed</td>
          <td class="col-name">Tests/test_HomePage.py::Test_HomePage::test_leftMenu_SignOutLink_visible[chrome]</td>
          <td class="col-duration">7.01</td>
          <td class="col-links"></td></tr>
        <tr>
          <td class="extra" colspan="4">
            <div class="empty log">No log output captured.</div></td></tr></tbody>
      <tbody class="passed results-table-row">
        <tr>
          <td class="col-result">Passed</td>
          <td class="col-name">Tests/test_HomePage.py::Test_HomePage::test_leftMenu_SignOut[chrome]</td>
          <td class="col-duration">7.66</td>
          <td class="col-links"></td></tr>
        <tr>
          <td class="extra" colspan="4">
            <div class="empty log">No log output captured.</div></td></tr></tbody>
      <tbody class="passed results-table-row">
        <tr>
          <td class="col-result">Passed</td>
          <td class="col-name">Tests/test_HomePage.py::Test_HomePage::test_check_broken_links[chrome]</td>
          <td class="col-duration">6.24</td>
          <td class="col-links"></td></tr>
        <tr>
          <td class="extra" colspan="4">
            <div class="empty log">No log output captured.</div></td></tr></tbody>
      <tbody class="passed results-table-row">
        <tr>
          <td class="col-result">Passed</td>
          <td class="col-name">Tests/test_HomePage.py::Test_HomePage::test_link_notOpen_newTab[chrome]</td>
          <td class="col-duration">25.54</td>
          <td class="col-links"></td></tr>
        <tr>
          <td class="extra" colspan="4">
            <div class="empty log">No log output captured.</div></td></tr></tbody>
      <tbody class="passed results-table-row">
        <tr>
          <td class="col-result">Passed</td>
          <td class="col-name">Tests/test_HomePage.py::Test_HomePage::test_all_dashboard_elements_display[chrome]</td>
          <td class="col-duration">6.13</td>
          <td class="col-links"></td></tr>
        <tr>
          <td class="extra" colspan="4">
            <div class="log"> ------------------------------Captured stdout call------------------------------ <br/>All True
<br/></div></td></tr></tbody>
      <tbody class="passed results-table-row">
        <tr>
          <td class="col-result">Passed</td>
          <td class="col-name">Tests/test_HomePage.py::Test_HomePage::test_datePicker_clickable[chrome]</td>
          <td class="col-duration">7.46</td>
          <td class="col-links"></td></tr>
        <tr>
          <td class="extra" colspan="4">
            <div class="empty log">No log output captured.</div></td></tr></tbody>
      <tbody class="passed results-table-row">
        <tr>
          <td class="col-result">Passed</td>
          <td class="col-name">Tests/test_HomePage.py::Test_HomePage::test_today_date_displayed[chrome]</td>
          <td class="col-duration">6.94</td>
          <td class="col-links"></td></tr>
        <tr>
          <td class="extra" colspan="4">
            <div class="empty log">No log output captured.</div></td></tr></tbody>
      <tbody class="passed results-table-row">
        <tr>
          <td class="col-result">Passed</td>
          <td class="col-name">Tests/test_HomePage.py::Test_HomePage::test_communication_data_correct[chrome]</td>
          <td class="col-duration">33.70</td>
          <td class="col-links"></td></tr>
        <tr>
          <td class="extra" colspan="4">
            <div class="empty log">No log output captured.</div></td></tr></tbody>
      <tbody class="passed results-table-row">
        <tr>
          <td class="col-result">Passed</td>
          <td class="col-name">Tests/test_HomePage.py::Test_HomePage::test_no_of_visitor_data_correct[chrome]</td>
          <td class="col-duration">8.26</td>
          <td class="col-links"></td></tr>
        <tr>
          <td class="extra" colspan="4">
            <div class="empty log">No log output captured.</div></td></tr></tbody>
      <tbody class="passed results-table-row">
        <tr>
          <td class="col-result">Passed</td>
          <td class="col-name">Tests/test_HomePage.py::Test_HomePage::test_no_of_total_leads_correct[chrome]</td>
          <td class="col-duration">7.86</td>
          <td class="col-links"></td></tr>
        <tr>
          <td class="extra" colspan="4">
            <div class="empty log">No log output captured.</div></td></tr></tbody>
      <tbody class="passed results-table-row">
        <tr>
          <td class="col-result">Passed</td>
          <td class="col-name">Tests/test_HomePage.py::Test_HomePage::test_unhandled_fallbacks_data_correct[chrome]</td>
          <td class="col-duration">9.15</td>
          <td class="col-links"></td></tr>
        <tr>
          <td class="extra" colspan="4">
            <div class="empty log">No log output captured.</div></td></tr></tbody>
      <tbody class="passed results-table-row">
        <tr>
          <td class="col-result">Passed</td>
          <td class="col-name">Tests/test_IntegrationsPage.py::Test_IntegrationsPage::test_integration_page_display[chrome]</td>
          <td class="col-duration">11.02</td>
          <td class="col-links"></td></tr>
        <tr>
          <td class="extra" colspan="4">
            <div class="log"> -----------------------------Captured stderr setup------------------------------ <br/>

====== WebDriver manager ======
Current google-chrome version is 93.0.4577
Get LATEST driver version for 93.0.4577
Driver [C:\Users\STELCO\.wdm\drivers\chromedriver\win32\93.0.4577.63\chromedriver.exe] found in cache
<br/> -------------------------------Captured log setup------------------------------- <br/>INFO     WDM:logger.py:12 

INFO     WDM:logger.py:12 ====== WebDriver manager ======
INFO     WDM:logger.py:12 Current google-chrome version is 93.0.4577
INFO     WDM:logger.py:12 Get LATEST driver version for 93.0.4577
INFO     WDM:logger.py:12 Driver [C:\Users\STELCO\.wdm\drivers\chromedriver\win32\93.0.4577.63\chromedriver.exe] found in cache<br/></div></td></tr></tbody>
      <tbody class="passed results-table-row">
        <tr>
          <td class="col-result">Passed</td>
          <td class="col-name">Tests/test_LoginPage.py::Test_LoginPage::test_RegisterHere_link_visible[chrome]</td>
          <td class="col-duration">2.81</td>
          <td class="col-links"></td></tr>
        <tr>
          <td class="extra" colspan="4">
            <div class="log"> -----------------------------Captured stderr setup------------------------------ <br/>

====== WebDriver manager ======
Current google-chrome version is 93.0.4577
Get LATEST driver version for 93.0.4577
Driver [C:\Users\STELCO\.wdm\drivers\chromedriver\win32\93.0.4577.63\chromedriver.exe] found in cache
<br/> -------------------------------Captured log setup------------------------------- <br/>INFO     WDM:logger.py:12 

INFO     WDM:logger.py:12 ====== WebDriver manager ======
INFO     WDM:logger.py:12 Current google-chrome version is 93.0.4577
INFO     WDM:logger.py:12 Get LATEST driver version for 93.0.4577
INFO     WDM:logger.py:12 Driver [C:\Users\STELCO\.wdm\drivers\chromedriver\win32\93.0.4577.63\chromedriver.exe] found in cache<br/></div></td></tr></tbody>
      <tbody class="passed results-table-row">
        <tr>
          <td class="col-result">Passed</td>
          <td class="col-name">Tests/test_LoginPage.py::Test_LoginPage::test_logo_visible[chrome]</td>
          <td class="col-duration">1.52</td>
          <td class="col-links"></td></tr>
        <tr>
          <td class="extra" colspan="4">
            <div class="empty log">No log output captured.</div></td></tr></tbody>
      <tbody class="passed results-table-row">
        <tr>
          <td class="col-result">Passed</td>
          <td class="col-name">Tests/test_LoginPage.py::Test_LoginPage::test_loginpage_title[chrome]</td>
          <td class="col-duration">1.20</td>
          <td class="col-links"></td></tr>
        <tr>
          <td class="extra" colspan="4">
            <div class="empty log">No log output captured.</div></td></tr></tbody>
      <tbody class="passed results-table-row">
        <tr>
          <td class="col-result">Passed</td>
          <td class="col-name">Tests/test_LoginPage.py::Test_LoginPage::test_reverse_remember_me_functionality[chrome]</td>
          <td class="col-duration">27.12</td>
          <td class="col-links"></td></tr>
        <tr>
          <td class="extra" colspan="4">
            <div class="empty log">No log output captured.</div></td></tr></tbody>
      <tbody class="passed results-table-row">
        <tr>
          <td class="col-result">Passed</td>
          <td class="col-name">Tests/test_LoginPage.py::Test_LoginPage::test_dologin[chrome]</td>
          <td class="col-duration">8.37</td>
          <td class="col-links"></td></tr>
        <tr>
          <td class="extra" colspan="4">
            <div class="empty log">No log output captured.</div></td></tr></tbody>
      <tbody class="passed results-table-row">
        <tr>
          <td class="col-result">Passed</td>
          <td class="col-name">Tests/test_LoginPage.py::Test_LoginPage::test_dologin_invalidUnamePwd[chrome]</td>
          <td class="col-duration">3.22</td>
          <td class="col-links"></td></tr>
        <tr>
          <td class="extra" colspan="4">
            <div class="empty log">No log output captured.</div></td></tr></tbody>
      <tbody class="passed results-table-row">
        <tr>
          <td class="col-result">Passed</td>
          <td class="col-name">Tests/test_LoginPage.py::Test_LoginPage::test_dologin_correctUname_incorrectPwd[chrome]</td>
          <td class="col-duration">2.56</td>
          <td class="col-links"></td></tr>
        <tr>
          <td class="extra" colspan="4">
            <div class="empty log">No log output captured.</div></td></tr></tbody>
      <tbody class="passed results-table-row">
        <tr>
          <td class="col-result">Passed</td>
          <td class="col-name">Tests/test_LoginPage.py::Test_LoginPage::test_dologin_incorrectUname_correctPwd[chrome]</td>
          <td class="col-duration">2.07</td>
          <td class="col-links"></td></tr>
        <tr>
          <td class="extra" colspan="4">
            <div class="empty log">No log output captured.</div></td></tr></tbody>
      <tbody class="passed results-table-row">
        <tr>
          <td class="col-result">Passed</td>
          <td class="col-name">Tests/test_LoginPage.py::Test_LoginPage::test_remember_me_functionality[chrome]</td>
          <td class="col-duration">11.24</td>
          <td class="col-links"></td></tr>
        <tr>
          <td class="extra" colspan="4">
            <div class="empty log">No log output captured.</div></td></tr></tbody>
      <tbody class="passed results-table-row">
        <tr>
          <td class="col-result">Passed</td>
          <td class="col-name">Tests/test_Paginations.py::Test_Paginations::test_Communications_pagination_Last_btn_functionality[chrome]</td>
          <td class="col-duration">9.19</td>
          <td class="col-links"></td></tr>
        <tr>
          <td class="extra" colspan="4">
            <div class="empty log">No log output captured.</div></td></tr></tbody>
      <tbody class="passed results-table-row">
        <tr>
          <td class="col-result">Passed</td>
          <td class="col-name">Tests/test_Paginations.py::Test_Paginations::test_Communications_pagination_First_btn_functionality[chrome]</td>
          <td class="col-duration">10.28</td>
          <td class="col-links"></td></tr>
        <tr>
          <td class="extra" colspan="4">
            <div class="empty log">No log output captured.</div></td></tr></tbody>
      <tbody class="passed results-table-row">
        <tr>
          <td class="col-result">Passed</td>
          <td class="col-name">Tests/test_Paginations.py::Test_Paginations::test_Communications_pagination_Next_btn_functionality[chrome]</td>
          <td class="col-duration">9.34</td>
          <td class="col-links"></td></tr>
        <tr>
          <td class="extra" colspan="4">
            <div class="empty log">No log output captured.</div></td></tr></tbody>
      <tbody class="passed results-table-row">
        <tr>
          <td class="col-result">Passed</td>
          <td class="col-name">Tests/test_Paginations.py::Test_Paginations::test_Communications_pagination_Previous_btn_functionality[chrome]</td>
          <td class="col-duration">11.73</td>
          <td class="col-links"></td></tr>
        <tr>
          <td class="extra" colspan="4">
            <div class="empty log">No log output captured.</div></td></tr></tbody>
      <tbody class="passed results-table-row">
        <tr>
          <td class="col-result">Passed</td>
          <td class="col-name">Tests/test_RegistrationPage.py::Test_RegistrationPage::test_allElements_visible[chrome]</td>
          <td class="col-duration">4.10</td>
          <td class="col-links"></td></tr>
        <tr>
          <td class="extra" colspan="4">
            <div class="log"> -----------------------------Captured stderr setup------------------------------ <br/>

====== WebDriver manager ======
Current google-chrome version is 93.0.4577
Get LATEST driver version for 93.0.4577
Driver [C:\Users\STELCO\.wdm\drivers\chromedriver\win32\93.0.4577.63\chromedriver.exe] found in cache
<br/> -------------------------------Captured log setup------------------------------- <br/>INFO     WDM:logger.py:12 

INFO     WDM:logger.py:12 ====== WebDriver manager ======
INFO     WDM:logger.py:12 Current google-chrome version is 93.0.4577
INFO     WDM:logger.py:12 Get LATEST driver version for 93.0.4577
INFO     WDM:logger.py:12 Driver [C:\Users\STELCO\.wdm\drivers\chromedriver\win32\93.0.4577.63\chromedriver.exe] found in cache<br/></div></td></tr></tbody>
      <tbody class="passed results-table-row">
        <tr>
          <td class="col-result">Passed</td>
          <td class="col-name">Tests/test_RegistrationPage.py::Test_RegistrationPage::test_placeholder_text[chrome]</td>
          <td class="col-duration">2.51</td>
          <td class="col-links"></td></tr>
        <tr>
          <td class="extra" colspan="4">
            <div class="empty log">No log output captured.</div></td></tr></tbody>
      <tbody class="passed results-table-row">
        <tr>
          <td class="col-result">Passed</td>
          <td class="col-name">Tests/test_RegistrationPage.py::Test_RegistrationPage::test_OTPfield_visible[chrome]</td>
          <td class="col-duration">4.16</td>
          <td class="col-links"></td></tr>
        <tr>
          <td class="extra" colspan="4">
            <div class="empty log">No log output captured.</div></td></tr></tbody>
      <tbody class="passed results-table-row">
        <tr>
          <td class="col-result">Passed</td>
          <td class="col-name">Tests/test_RegistrationPage.py::Test_RegistrationPage::test_registerHere_link[chrome]</td>
          <td class="col-duration">2.25</td>
          <td class="col-links"></td></tr>
        <tr>
          <td class="extra" colspan="4">
            <div class="empty log">No log output captured.</div></td></tr></tbody>
      <tbody class="passed results-table-row">
        <tr>
          <td class="col-result">Passed</td>
          <td class="col-name">Tests/test_RegistrationPage.py::Test_RegistrationPage::test_mobileNumber_10Digit_Validation[chrome]</td>
          <td class="col-duration">2.38</td>
          <td class="col-links"></td></tr>
        <tr>
          <td class="extra" colspan="4">
            <div class="empty log">No log output captured.</div></td></tr></tbody>
      <tbody class="passed results-table-row">
        <tr>
          <td class="col-result">Passed</td>
          <td class="col-name">Tests/test_RegistrationPage.py::Test_RegistrationPage::test_mobileNumber_spclChar_alphabets_Validation[chrome]</td>
          <td class="col-duration">2.28</td>
          <td class="col-links"></td></tr>
        <tr>
          <td class="extra" colspan="4">
            <div class="empty log">No log output captured.</div></td></tr></tbody>
      <tbody class="passed results-table-row">
        <tr>
          <td class="col-result">Passed</td>
          <td class="col-name">Tests/test_RegistrationPage.py::Test_RegistrationPage::test_invalid_password_lessThan8_Validations[chrome]</td>
          <td class="col-duration">4.86</td>
          <td class="col-links"></td></tr>
        <tr>
          <td class="extra" colspan="4">
            <div class="empty log">No log output captured.</div></td></tr></tbody>
      <tbody class="passed results-table-row">
        <tr>
          <td class="col-result">Passed</td>
          <td class="col-name">Tests/test_RegistrationPage.py::Test_RegistrationPage::test_invalid_password_noLowerCase_Validations[chrome]</td>
          <td class="col-duration">15.11</td>
          <td class="col-links"></td></tr>
        <tr>
          <td class="extra" colspan="4">
            <div class="empty log">No log output captured.</div></td></tr></tbody>
      <tbody class="passed results-table-row">
        <tr>
          <td class="col-result">Passed</td>
          <td class="col-name">Tests/test_RegistrationPage.py::Test_RegistrationPage::test_invalid_password_noUpperCase_Validations[chrome]</td>
          <td class="col-duration">15.24</td>
          <td class="col-links"></td></tr>
        <tr>
          <td class="extra" colspan="4">
            <div class="empty log">No log output captured.</div></td></tr></tbody>
      <tbody class="passed results-table-row">
        <tr>
          <td class="col-result">Passed</td>
          <td class="col-name">Tests/test_RegistrationPage.py::Test_RegistrationPage::test_invalid_password_noSpecialChar_Validations[chrome]</td>
          <td class="col-duration">15.32</td>
          <td class="col-links"></td></tr>
        <tr>
          <td class="extra" colspan="4">
            <div class="empty log">No log output captured.</div></td></tr></tbody>
      <tbody class="passed results-table-row">
        <tr>
          <td class="col-result">Passed</td>
          <td class="col-name">Tests/test_RegistrationPage.py::Test_RegistrationPage::test_invalid_password_noNumbers_Validations[chrome]</td>
          <td class="col-duration">15.31</td>
          <td class="col-links"></td></tr>
        <tr>
          <td class="extra" colspan="4">
            <div class="empty log">No log output captured.</div></td></tr></tbody>
      <tbody class="passed results-table-row">
        <tr>
          <td class="col-result">Passed</td>
          <td class="col-name">Tests/test_RegistrationPage.py::Test_RegistrationPage::test_invalid_username_noSpecialChar_Validations[chrome]</td>
          <td class="col-duration">17.80</td>
          <td class="col-links"></td></tr>
        <tr>
          <td class="extra" colspan="4">
            <div class="empty log">No log output captured.</div></td></tr></tbody>
      <tbody class="passed results-table-row">
        <tr>
          <td class="col-result">Passed</td>
          <td class="col-name">Tests/test_SlotsPage.py::Test_SlotsPage::test_pageHeader_visible[chrome]</td>
          <td class="col-duration">8.70</td>
          <td class="col-links"></td></tr>
        <tr>
          <td class="extra" colspan="4">
            <div class="log"> -----------------------------Captured stderr setup------------------------------ <br/>

====== WebDriver manager ======
Current google-chrome version is 93.0.4577
Get LATEST driver version for 93.0.4577
Driver [C:\Users\STELCO\.wdm\drivers\chromedriver\win32\93.0.4577.63\chromedriver.exe] found in cache
<br/> -------------------------------Captured log setup------------------------------- <br/>INFO     WDM:logger.py:12 

INFO     WDM:logger.py:12 ====== WebDriver manager ======
INFO     WDM:logger.py:12 Current google-chrome version is 93.0.4577
INFO     WDM:logger.py:12 Get LATEST driver version for 93.0.4577
INFO     WDM:logger.py:12 Driver [C:\Users\STELCO\.wdm\drivers\chromedriver\win32\93.0.4577.63\chromedriver.exe] found in cache<br/></div></td></tr></tbody>
      <tbody class="passed results-table-row">
        <tr>
          <td class="col-result">Passed</td>
          <td class="col-name">Tests/test_SlotsPage.py::Test_SlotsPage::test_download_JSON_btn_functionality[chrome]</td>
          <td class="col-duration">10.83</td>
          <td class="col-links"></td></tr>
        <tr>
          <td class="extra" colspan="4">
            <div class="empty log">No log output captured.</div></td></tr></tbody>
      <tbody class="passed results-table-row">
        <tr>
          <td class="col-result">Passed</td>
          <td class="col-name">Tests/test_SlotsPage.py::Test_SlotsPage::test_check_Add_Slots_PopUp_Display[chrome]</td>
          <td class="col-duration">7.84</td>
          <td class="col-links"></td></tr>
        <tr>
          <td class="extra" colspan="4">
            <div class="empty log">No log output captured.</div></td></tr></tbody>
      <tbody class="passed results-table-row">
        <tr>
          <td class="col-result">Passed</td>
          <td class="col-name">Tests/test_SlotsPage.py::Test_SlotsPage::test_Add_Slots_PopUp_Close_Btn_Msg[chrome]</td>
          <td class="col-duration">9.17</td>
          <td class="col-links"></td></tr>
        <tr>
          <td class="extra" colspan="4">
            <div class="empty log">No log output captured.</div></td></tr></tbody>
      <tbody class="passed results-table-row">
        <tr>
          <td class="col-result">Passed</td>
          <td class="col-name">Tests/test_SlotsPage.py::Test_SlotsPage::test_Add_Slots_PopUp_CloseBtn_Cancel_Btn_Msg[chrome]</td>
          <td class="col-duration">8.73</td>
          <td class="col-links"></td></tr>
        <tr>
          <td class="extra" colspan="4">
            <div class="empty log">No log output captured.</div></td></tr></tbody>
      <tbody class="passed results-table-row">
        <tr>
          <td class="col-result">Passed</td>
          <td class="col-name">Tests/test_SlotsPage.py::Test_SlotsPage::test_add_label_functionality[chrome]</td>
          <td class="col-duration">9.02</td>
          <td class="col-links"></td></tr>
        <tr>
          <td class="extra" colspan="4">
            <div class="empty log">No log output captured.</div></td></tr></tbody>
      <tbody class="passed results-table-row">
        <tr>
          <td class="col-result">Passed</td>
          <td class="col-name">Tests/test_SlotsPage.py::Test_SlotsPage::test_add_expressions_functionality[chrome]</td>
          <td class="col-duration">8.66</td>
          <td class="col-links"></td></tr>
        <tr>
          <td class="extra" colspan="4">
            <div class="empty log">No log output captured.</div></td></tr></tbody>
      <tbody class="passed results-table-row">
        <tr>
          <td class="col-result">Passed</td>
          <td class="col-name">Tests/test_SlotsPage.py::Test_SlotsPage::test_Add_Slot_Discard_Btn_functionality[chrome]</td>
          <td class="col-duration">8.79</td>
          <td class="col-links"></td></tr>
        <tr>
          <td class="extra" colspan="4">
            <div class="empty log">No log output captured.</div></td></tr></tbody>
      <tbody class="passed results-table-row">
        <tr>
          <td class="col-result">Passed</td>
          <td class="col-name">Tests/test_SlotsPage.py::Test_SlotsPage::test_Upload_JSON_BTN_functionality[chrome]</td>
          <td class="col-duration">7.75</td>
          <td class="col-links"></td></tr>
        <tr>
          <td class="extra" colspan="4">
            <div class="empty log">No log output captured.</div></td></tr></tbody>
      <tbody class="passed results-table-row">
        <tr>
          <td class="col-result">Passed</td>
          <td class="col-name">Tests/test_SlotsPage.py::Test_SlotsPage::test_Train_Bot_Btn_functionality[chrome]</td>
          <td class="col-duration">7.63</td>
          <td class="col-links"></td></tr>
        <tr>
          <td class="extra" colspan="4">
            <div class="empty log">No log output captured.</div></td></tr></tbody>
      <tbody class="passed results-table-row">
        <tr>
          <td class="col-result">Passed</td>
          <td class="col-name">Tests/test_SlotsPage.py::Test_SlotsPage::test_Download_JSON_BTN_functionality[chrome]</td>
          <td class="col-duration">10.14</td>
          <td class="col-links"></td></tr>
        <tr>
          <td class="extra" colspan="4">
            <div class="empty log">No log output captured.</div></td></tr></tbody>
      <tbody class="passed results-table-row">
        <tr>
          <td class="col-result">Passed</td>
          <td class="col-name">Tests/test_SlotsPage.py::Test_SlotsPage::test_toggle_btn_Active_functionality[chrome]</td>
          <td class="col-duration">8.03</td>
          <td class="col-links"></td></tr>
        <tr>
          <td class="extra" colspan="4">
            <div class="empty log">No log output captured.</div></td></tr></tbody>
      <tbody class="passed results-table-row">
        <tr>
          <td class="col-result">Passed</td>
          <td class="col-name">Tests/test_SlotsPage.py::Test_SlotsPage::test_delete_btn_popUp[chrome]</td>
          <td class="col-duration">9.50</td>
          <td class="col-links"></td></tr>
        <tr>
          <td class="extra" colspan="4">
            <div class="empty log">No log output captured.</div></td></tr></tbody>
      <tbody class="passed results-table-row">
        <tr>
          <td class="col-result">Passed</td>
          <td class="col-name">Tests/test_WebhooksAndActionsPage.py::Test_WebhooksAndActionsPage::test_page_header_display[chrome]</td>
          <td class="col-duration">11.76</td>
          <td class="col-links"></td></tr>
        <tr>
          <td class="extra" colspan="4">
            <div class="log"> -----------------------------Captured stderr setup------------------------------ <br/>

====== WebDriver manager ======
Current google-chrome version is 93.0.4577
Get LATEST driver version for 93.0.4577
Driver [C:\Users\STELCO\.wdm\drivers\chromedriver\win32\93.0.4577.63\chromedriver.exe] found in cache
<br/> -------------------------------Captured log setup------------------------------- <br/>INFO     WDM:logger.py:12 

INFO     WDM:logger.py:12 ====== WebDriver manager ======
INFO     WDM:logger.py:12 Current google-chrome version is 93.0.4577
INFO     WDM:logger.py:12 Get LATEST driver version for 93.0.4577
INFO     WDM:logger.py:12 Driver [C:\Users\STELCO\.wdm\drivers\chromedriver\win32\93.0.4577.63\chromedriver.exe] found in cache<br/></div></td></tr></tbody>
      <tbody class="passed results-table-row">
        <tr>
          <td class="col-result">Passed</td>
          <td class="col-name">Tests/test_WebhooksAndActionsPage.py::Test_WebhooksAndActionsPage::test_verify_webhooks[chrome]</td>
          <td class="col-duration">9.10</td>
          <td class="col-links"></td></tr>
        <tr>
          <td class="extra" colspan="4">
            <div class="empty log">No log output captured.</div></td></tr></tbody>
      <tbody class="passed results-table-row">
        <tr>
          <td class="col-result">Passed</td>
          <td class="col-name">Tests/test_WebhooksAndActionsPage.py::Test_WebhooksAndActionsPage::test_verify_actions_btn[chrome]</td>
          <td class="col-duration">7.93</td>
          <td class="col-links"></td></tr>
        <tr>
          <td class="extra" colspan="4">
            <div class="empty log">No log output captured.</div></td></tr></tbody>
      <tbody class="passed results-table-row">
        <tr>
          <td class="col-result">Passed</td>
          <td class="col-name">Tests/test_WebhooksAndActionsPage.py::Test_WebhooksAndActionsPage::test_verify_mandotry_filed[chrome]</td>
          <td class="col-duration">15.14</td>
          <td class="col-links"></td></tr>
        <tr>
          <td class="extra" colspan="4">
            <div class="empty log">No log output captured.</div></td></tr></tbody>
      <tbody class="passed results-table-row">
        <tr>
          <td class="col-result">Passed</td>
          <td class="col-name">Tests/test_WebhooksAndActionsPage.py::Test_WebhooksAndActionsPage::test_verify_click_Ok_discard_confirmation_message[chrome]</td>
          <td class="col-duration">9.24</td>
          <td class="col-links"></td></tr>
        <tr>
          <td class="extra" colspan="4">
            <div class="empty log">No log output captured.</div></td></tr></tbody>
      <tbody class="passed results-table-row">
        <tr>
          <td class="col-result">Passed</td>
          <td class="col-name">Tests/test_WebhooksAndActionsPage.py::Test_WebhooksAndActionsPage::test_verify_click_cancel_discard_confirmation_message[chrome]</td>
          <td class="col-duration">8.84</td>
          <td class="col-links"></td></tr>
        <tr>
          <td class="extra" colspan="4">
            <div class="empty log">No log output captured.</div></td></tr></tbody>
      <tbody class="passed results-table-row">
        <tr>
          <td class="col-result">Passed</td>
          <td class="col-name">Tests/test_WebhooksAndActionsPage.py::Test_WebhooksAndActionsPage::test_verify_empty_webhook_not_get_created[chrome]</td>
          <td class="col-duration">8.91</td>
          <td class="col-links"></td></tr>
        <tr>
          <td class="extra" colspan="4">
            <div class="empty log">No log output captured.</div></td></tr></tbody>
      <tbody class="passed results-table-row">
        <tr>
          <td class="col-result">Passed</td>
          <td class="col-name">Tests/test_WebhooksAndActionsPage.py::Test_WebhooksAndActionsPage::test_verify_empty_action_not_created[chrome]</td>
          <td class="col-duration">8.38</td>
          <td class="col-links"></td></tr>
        <tr>
          <td class="extra" colspan="4">
            <div class="empty log">No log output captured.</div></td></tr></tbody>
      <tbody class="passed results-table-row">
        <tr>
          <td class="col-result">Passed</td>
          <td class="col-name">Tests/test_WebhooksAndActionsPage.py::Test_WebhooksAndActionsPage::test_verify_action_drop_down_method[chrome]</td>
          <td class="col-duration">11.95</td>
          <td class="col-links"></td></tr>
        <tr>
          <td class="extra" colspan="4">
            <div class="empty log">No log output captured.</div></td></tr></tbody>
      <tbody class="passed results-table-row">
        <tr>
          <td class="col-result">Passed</td>
          <td class="col-name">Tests/test_WebhooksAndActionsPage.py::Test_WebhooksAndActionsPage::test_verify_multiple_response_add_in_an_action[chrome]</td>
          <td class="col-duration">17.34</td>
          <td class="col-links"></td></tr>
        <tr>
          <td class="extra" colspan="4">
            <div class="empty log">No log output captured.</div></td></tr></tbody>
      <tbody class="passed results-table-row">
        <tr>
          <td class="col-result">Passed</td>
          <td class="col-name">Tests/test_WebhooksAndActionsPage.py::Test_WebhooksAndActionsPage::test_verify_multiple_response_remove_in_an_action[chrome]</td>
          <td class="col-duration">23.29</td>
          <td class="col-links"></td></tr>
        <tr>
          <td class="extra" colspan="4">
            <div class="empty log">No log output captured.</div></td></tr></tbody>
      <tbody class="passed results-table-row">
        <tr>
          <td class="col-result">Passed</td>
          <td class="col-name">Tests/test_WebhooksAndActionsPage.py::Test_WebhooksAndActionsPage::test_verify_deleted_response_not_display[chrome]</td>
          <td class="col-duration">22.33</td>
          <td class="col-links"></td></tr>
        <tr>
          <td class="extra" colspan="4">
            <div class="empty log">No log output captured.</div></td></tr></tbody>
      <tbody class="passed results-table-row">
        <tr>
          <td class="col-result">Passed</td>
          <td class="col-name">Tests/test_WebhooksAndActionsPage.py::Test_WebhooksAndActionsPage::test_verify_ok_confirmation_button[chrome]</td>
          <td class="col-duration">8.82</td>
          <td class="col-links"></td></tr>
        <tr>
          <td class="extra" colspan="4">
            <div class="empty log">No log output captured.</div></td></tr></tbody>
      <tbody class="passed results-table-row">
        <tr>
          <td class="col-result">Passed</td>
          <td class="col-name">Tests/test_WebhooksAndActionsPage.py::Test_WebhooksAndActionsPage::test_verify_cancel_button_action[chrome]</td>
          <td class="col-duration">8.66</td>
          <td class="col-links"></td></tr>
        <tr>
          <td class="extra" colspan="4">
            <div class="empty log">No log output captured.</div></td></tr></tbody>
      <tbody class="passed results-table-row">
        <tr>
          <td class="col-result">Passed</td>
          <td class="col-name">Tests/test_WebhooksAndActionsPage.py::Test_WebhooksAndActionsPage::test_verify_edit_Icon_is_Working[chrome]</td>
          <td class="col-duration">17.75</td>
          <td class="col-links"></td></tr>
        <tr>
          <td class="extra" colspan="4">
            <div class="empty log">No log output captured.</div></td></tr></tbody>
      <tbody class="passed results-table-row">
        <tr>
          <td class="col-result">Passed</td>
          <td class="col-name">Tests/test_YourStoryPage.py::Test_YourStoryPage::test_your_story_page_displayed[chrome]</td>
          <td class="col-duration">9.30</td>
          <td class="col-links"></td></tr>
        <tr>
          <td class="extra" colspan="4">
            <div class="log"> -----------------------------Captured stderr setup------------------------------ <br/>

====== WebDriver manager ======
Current google-chrome version is 93.0.4577
Get LATEST driver version for 93.0.4577
Driver [C:\Users\STELCO\.wdm\drivers\chromedriver\win32\93.0.4577.63\chromedriver.exe] found in cache
<br/> -------------------------------Captured log setup------------------------------- <br/>INFO     WDM:logger.py:12 

INFO     WDM:logger.py:12 ====== WebDriver manager ======
INFO     WDM:logger.py:12 Current google-chrome version is 93.0.4577
INFO     WDM:logger.py:12 Get LATEST driver version for 93.0.4577
INFO     WDM:logger.py:12 Driver [C:\Users\STELCO\.wdm\drivers\chromedriver\win32\93.0.4577.63\chromedriver.exe] found in cache<br/></div></td></tr></tbody>
      <tbody class="passed results-table-row">
        <tr>
          <td class="col-result">Passed</td>
          <td class="col-name">Tests/test_YourStoryPage.py::Test_YourStoryPage::test_about_textarea_maxlimit[chrome]</td>
          <td class="col-duration">6.96</td>
          <td class="col-links"></td></tr>
        <tr>
          <td class="extra" colspan="4">
            <div class="empty log">No log output captured.</div></td></tr></tbody>
      <tbody class="passed results-table-row">
        <tr>
          <td class="col-result">Passed</td>
          <td class="col-name">Tests/test_YourStoryPage.py::Test_YourStoryPage::test_services_textarea_maxlimit[chrome]</td>
          <td class="col-duration">7.08</td>
          <td class="col-links"></td></tr>
        <tr>
          <td class="extra" colspan="4">
            <div class="empty log">No log output captured.</div></td></tr></tbody>
      <tbody class="passed results-table-row">
        <tr>
          <td class="col-result">Passed</td>
          <td class="col-name">Tests/test_YourStoryPage.py::Test_YourStoryPage::test_terms_textarea_maxlimit[chrome]</td>
          <td class="col-duration">7.01</td>
          <td class="col-links"></td></tr>
        <tr>
          <td class="extra" colspan="4">
            <div class="empty log">No log output captured.</div></td></tr></tbody>
      <tbody class="passed results-table-row">
        <tr>
          <td class="col-result">Passed</td>
          <td class="col-name">Tests/test_YourStoryPage.py::Test_YourStoryPage::test_contact_textarea_maxlimit[chrome]</td>
          <td class="col-duration">7.17</td>
          <td class="col-links"></td></tr>
        <tr>
          <td class="extra" colspan="4">
            <div class="empty log">No log output captured.</div></td></tr></tbody>
      <tbody class="passed results-table-row">
        <tr>
          <td class="col-result">Passed</td>
          <td class="col-name">Tests/test_YourStoryPage.py::Test_YourStoryPage::test_other_textarea_maxlimit[chrome]</td>
          <td class="col-duration">9.79</td>
          <td class="col-links"></td></tr>
        <tr>
          <td class="extra" colspan="4">
            <div class="empty log">No log output captured.</div></td></tr></tbody></table></body></html>